0 verbose cli /usr/local/bin/node /usr/local/bin/npm
1 info using npm@10.8.2
2 info using node@v20.19.5
3 silly config load:file:/usr/local/lib/node_modules/npm/npmrc
4 silly config load:file:/data/.npmrc
5 silly config load:file:/usr/src/node-red/.npmrc
6 silly config load:file:/usr/local/etc/npmrc
7 verbose title npm install node-red-contrib-influxdb@0.7.0
8 verbose argv "install" "--no-audit" "--no-update-notifier" "--no-fund" "--save" "--save-prefix" "~" "--omit" "dev" "--engine-strict" "node-red-contrib-influxdb@0.7.0"
9 verbose logfile logs-max:10 dir:/data/.npm/_logs/2025-11-28T05_09_32_396Z-
10 verbose logfile /data/.npm/_logs/2025-11-28T05_09_32_396Z-debug-0.log
11 silly packumentCache heap:2019295232 maxSize:504823808 maxEntrySize:252411904
12 silly logfile done cleaning log files
13 silly idealTree buildDeps
14 silly fetch manifest node-red-contrib-influxdb@0.7.0
15 silly packumentCache full:https://registry.npmjs.org/node-red-contrib-influxdb cache-miss
16 http fetch GET 200 https://registry.npmjs.org/node-red-contrib-influxdb 2754ms (cache miss)
17 silly packumentCache full:https://registry.npmjs.org/node-red-contrib-influxdb set size:undefined disposed:false
18 silly placeDep ROOT node-red-contrib-influxdb@0.7.0 OK for: node-red-project@0.0.1 want: 0.7.0
19 silly fetch manifest influx@~5.9.3
20 silly packumentCache full:https://registry.npmjs.org/influx cache-miss
21 http fetch GET 200 https://registry.npmjs.org/influx 838ms (cache miss)
22 silly packumentCache full:https://registry.npmjs.org/influx set size:undefined disposed:false
23 silly fetch manifest @influxdata/influxdb-client@~1.33.2
24 silly packumentCache full:https://registry.npmjs.org/@influxdata%2finfluxdb-client cache-miss
25 http fetch GET 200 https://registry.npmjs.org/@influxdata%2finfluxdb-client 1324ms (cache miss)
26 silly packumentCache full:https://registry.npmjs.org/@influxdata%2finfluxdb-client set size:undefined disposed:false
27 silly placeDep ROOT @influxdata/influxdb-client@1.33.2 OK for: node-red-contrib-influxdb@0.7.0 want: ~1.33.2
28 silly placeDep ROOT influx@5.9.7 OK for: node-red-contrib-influxdb@0.7.0 want: ~5.9.3
29 silly reify moves {}
30 verbose reify failed optional dependency /data/node_modules/amqplib
31 silly reify mark deleted [ '/data/node_modules/amqplib' ]
32 verbose reify failed optional dependency /data/node_modules/bitsyntax
33 silly reify mark deleted [ '/data/node_modules/bitsyntax' ]
34 verbose reify failed optional dependency /data/node_modules/buffer-more-ints
35 silly reify mark deleted [ '/data/node_modules/buffer-more-ints' ]
36 verbose reify failed optional dependency /data/node_modules/when
37 silly reify mark deleted [ '/data/node_modules/when' ]
38 silly tarball no local data for influx@https://registry.npmjs.org/influx/-/influx-5.9.7.tgz. Extracting by manifest.
39 silly tarball no local data for node-red-contrib-influxdb@https://registry.npmjs.org/node-red-contrib-influxdb/-/node-red-contrib-influxdb-0.7.0.tgz. Extracting by manifest.
40 silly tarball no local data for @influxdata/influxdb-client@https://registry.npmjs.org/@influxdata/influxdb-client/-/influxdb-client-1.33.2.tgz. Extracting by manifest.
41 http fetch GET 200 https://registry.npmjs.org/node-red-contrib-influxdb/-/node-red-contrib-influxdb-0.7.0.tgz 2474ms (cache miss)
42 http fetch GET 200 https://registry.npmjs.org/influx/-/influx-5.9.7.tgz 2626ms (cache miss)
43 http fetch GET 200 https://registry.npmjs.org/@influxdata/influxdb-client/-/influxdb-client-1.33.2.tgz 3514ms (cache miss)
44 warn deprecated leveldown@1.4.6: Superseded by classic-level (https://github.com/Level/community#faq)
45 info run fs-ext@0.5.0 install node_modules/fs-ext node-gyp configure build
46 info run fs-ext@0.5.0 install { code: 1, signal: null }
47 verbose reify failed optional dependency /data/node_modules/fs-ext
48 silly reify mark deleted [ '/data/node_modules/fs-ext' ]
49 info run leveldown@1.4.6 install node_modules/leveldown prebuild --install
50 info run leveldown@1.4.6 install { code: 2, signal: null }
51 verbose reify failed optional dependency /data/node_modules/leveldown
52 silly reify mark deleted [ '/data/node_modules/leveldown' ]
53 verbose reify failed optional dependency /data/node_modules/fast-future
54 silly reify mark deleted [ '/data/node_modules/fast-future' ]
55 verbose reify failed optional dependency /data/node_modules/leveldown/node_modules/nan
56 silly reify mark deleted [ '/data/node_modules/leveldown/node_modules/nan' ]
57 verbose reify failed optional dependency /data/node_modules/prebuild
58 silly reify mark deleted [ '/data/node_modules/prebuild', '/data/node_modules/.bin/prebuild' ]
59 verbose reify failed optional dependency /data/node_modules/execspawn
60 silly reify mark deleted [ '/data/node_modules/execspawn' ]
61 verbose reify failed optional dependency /data/node_modules/expand-template
62 silly reify mark deleted [ '/data/node_modules/expand-template' ]
63 verbose reify failed optional dependency /data/node_modules/ghreleases
64 silly reify mark deleted [ '/data/node_modules/ghreleases' ]
65 verbose reify failed optional dependency /data/node_modules/github-from-package
66 silly reify mark deleted [ '/data/node_modules/github-from-package' ]
67 verbose reify failed optional dependency /data/node_modules/node-gyp
68 silly reify mark deleted [ '/data/node_modules/node-gyp', '/data/node_modules/.bin/node-gyp' ]
69 verbose reify failed optional dependency /data/node_modules/node-ninja
70 silly reify mark deleted [
70 silly reify   '/data/node_modules/node-ninja',
70 silly reify   '/data/node_modules/.bin/node-ninja'
70 silly reify ]
71 verbose reify failed optional dependency /data/node_modules/noop-logger
72 silly reify mark deleted [ '/data/node_modules/noop-logger' ]
73 verbose reify failed optional dependency /data/node_modules/rc
74 silly reify mark deleted [ '/data/node_modules/rc', '/data/node_modules/.bin/rc' ]
75 verbose reify failed optional dependency /data/node_modules/simple-get
76 silly reify mark deleted [ '/data/node_modules/simple-get' ]
77 verbose reify failed optional dependency /data/node_modules/tar-fs
78 silly reify mark deleted [ '/data/node_modules/tar-fs' ]
79 verbose reify failed optional dependency /data/node_modules/tar-stream
80 silly reify mark deleted [ '/data/node_modules/tar-stream' ]
81 verbose reify failed optional dependency /data/node_modules/util-extend
82 silly reify mark deleted [ '/data/node_modules/util-extend' ]
83 verbose reify failed optional dependency /data/node_modules/after
84 silly reify mark deleted [ '/data/node_modules/after' ]
85 verbose reify failed optional dependency /data/node_modules/ghrepos
86 silly reify mark deleted [ '/data/node_modules/ghrepos' ]
87 verbose reify failed optional dependency /data/node_modules/ghutils
88 silly reify mark deleted [ '/data/node_modules/ghutils' ]
89 verbose reify failed optional dependency /data/node_modules/simple-mime
90 silly reify mark deleted [ '/data/node_modules/simple-mime' ]
91 verbose reify failed optional dependency /data/node_modules/url-template
92 silly reify mark deleted [ '/data/node_modules/url-template' ]
93 verbose reify failed optional dependency /data/node_modules/node-gyp/node_modules/semver
94 silly reify mark deleted [
94 silly reify   '/data/node_modules/node-gyp/node_modules/semver',
94 silly reify   '/data/node_modules/node-gyp/node_modules/.bin/semver'
94 silly reify ]
95 verbose reify failed optional dependency /data/node_modules/deep-extend
96 silly reify mark deleted [ '/data/node_modules/deep-extend' ]
97 verbose reify failed optional dependency /data/node_modules/ini
98 silly reify mark deleted [ '/data/node_modules/ini' ]
99 verbose reify failed optional dependency /data/node_modules/strip-json-comments
100 silly reify mark deleted [ '/data/node_modules/strip-json-comments' ]
101 verbose reify failed optional dependency /data/node_modules/unzip-response
102 silly reify mark deleted [ '/data/node_modules/unzip-response' ]
103 verbose reify failed optional dependency /data/node_modules/chownr
104 silly reify mark deleted [ '/data/node_modules/chownr' ]
105 verbose reify failed optional dependency /data/node_modules/buffer-alloc
106 silly reify mark deleted [ '/data/node_modules/buffer-alloc' ]
107 verbose reify failed optional dependency /data/node_modules/fs-constants
108 silly reify mark deleted [ '/data/node_modules/fs-constants' ]
109 verbose reify failed optional dependency /data/node_modules/tar-stream/node_modules/readable-stream
110 silly reify mark deleted [ '/data/node_modules/tar-stream/node_modules/readable-stream' ]
111 verbose reify failed optional dependency /data/node_modules/to-buffer
112 silly reify mark deleted [ '/data/node_modules/to-buffer' ]
113 verbose reify failed optional dependency /data/node_modules/jsonist
114 silly reify mark deleted [ '/data/node_modules/jsonist' ]
115 verbose reify failed optional dependency /data/node_modules/buffer-alloc-unsafe
116 silly reify mark deleted [ '/data/node_modules/buffer-alloc-unsafe' ]
117 verbose reify failed optional dependency /data/node_modules/buffer-fill
118 silly reify mark deleted [ '/data/node_modules/buffer-fill' ]
119 verbose reify failed optional dependency /data/node_modules/tar-stream/node_modules/safe-buffer
120 silly reify mark deleted [ '/data/node_modules/tar-stream/node_modules/safe-buffer' ]
121 verbose reify failed optional dependency /data/node_modules/tar-stream/node_modules/string_decoder
122 silly reify mark deleted [ '/data/node_modules/tar-stream/node_modules/string_decoder' ]
123 verbose reify failed optional dependency /data/node_modules/to-buffer/node_modules/isarray
124 silly reify mark deleted [ '/data/node_modules/to-buffer/node_modules/isarray' ]
125 verbose reify failed optional dependency /data/node_modules/typed-array-buffer
126 silly reify mark deleted [ '/data/node_modules/typed-array-buffer' ]
127 verbose reify failed optional dependency /data/node_modules/jsonist/node_modules/bl
128 silly reify mark deleted [ '/data/node_modules/jsonist/node_modules/bl' ]
129 verbose reify failed optional dependency /data/node_modules/hyperquest
130 silly reify mark deleted [ '/data/node_modules/hyperquest' ]
131 verbose reify failed optional dependency /data/node_modules/is-typed-array
132 silly reify mark deleted [ '/data/node_modules/is-typed-array' ]
133 verbose reify failed optional dependency /data/node_modules/jsonist/node_modules/readable-stream
134 silly reify mark deleted [ '/data/node_modules/jsonist/node_modules/readable-stream' ]
135 verbose reify failed optional dependency /data/node_modules/hyperquest/node_modules/buffer-from
136 silly reify mark deleted [ '/data/node_modules/hyperquest/node_modules/buffer-from' ]
137 verbose reify failed optional dependency /data/node_modules/duplexer2
138 silly reify mark deleted [ '/data/node_modules/duplexer2' ]
139 verbose reify failed optional dependency /data/node_modules/hyperquest/node_modules/through2
140 silly reify mark deleted [ '/data/node_modules/hyperquest/node_modules/through2' ]
141 verbose reify failed optional dependency /data/node_modules/which-typed-array
142 silly reify mark deleted [ '/data/node_modules/which-typed-array' ]
143 verbose reify failed optional dependency /data/node_modules/jsonist/node_modules/string_decoder
144 silly reify mark deleted [ '/data/node_modules/jsonist/node_modules/string_decoder' ]
145 verbose reify failed optional dependency /data/node_modules/hyperquest/node_modules/readable-stream
146 silly reify mark deleted [ '/data/node_modules/hyperquest/node_modules/readable-stream' ]
147 verbose reify failed optional dependency /data/node_modules/available-typed-arrays
148 silly reify mark deleted [ '/data/node_modules/available-typed-arrays' ]
149 verbose reify failed optional dependency /data/node_modules/for-each
150 silly reify mark deleted [ '/data/node_modules/for-each' ]
151 verbose reify failed optional dependency /data/node_modules/has-tostringtag
152 silly reify mark deleted [ '/data/node_modules/has-tostringtag' ]
153 verbose reify failed optional dependency /data/node_modules/hyperquest/node_modules/isarray
154 silly reify mark deleted [ '/data/node_modules/hyperquest/node_modules/isarray' ]
155 verbose reify failed optional dependency /data/node_modules/possible-typed-array-names
156 silly reify mark deleted [ '/data/node_modules/possible-typed-array-names' ]
157 verbose reify failed optional dependency /data/node_modules/is-callable
158 silly reify mark deleted [ '/data/node_modules/is-callable' ]
159 info run snappy@5.0.5 install node_modules/snappy ./node_modules/.bin/node-gyp rebuild
160 info run snappy@5.0.5 install { code: 1, signal: null }
161 verbose reify failed optional dependency /data/node_modules/snappy
162 silly reify mark deleted [ '/data/node_modules/snappy' ]
163 verbose reify failed optional dependency /data/node_modules/snappy/node_modules/nan
164 silly reify mark deleted [ '/data/node_modules/snappy/node_modules/nan' ]
165 verbose reify failed optional dependency /data/node_modules/snappy/node_modules/node-gyp
166 silly reify mark deleted [
166 silly reify   '/data/node_modules/snappy/node_modules/node-gyp',
166 silly reify   '/data/node_modules/snappy/node_modules/.bin/node-gyp'
166 silly reify ]
167 info run zmq@2.15.3 install node_modules/zmq node-gyp rebuild
168 info run zmq@2.15.3 install { code: 1, signal: null }
169 verbose reify failed optional dependency /data/node_modules/zmq
170 silly reify mark deleted [ '/data/node_modules/zmq' ]
171 verbose reify failed optional dependency /data/node_modules/zmq/node_modules/nan
172 silly reify mark deleted [ '/data/node_modules/zmq/node_modules/nan' ]
173 silly ADD node_modules/influx
174 silly ADD node_modules/@influxdata/influxdb-client
175 silly ADD node_modules/node-red-contrib-influxdb
176 silly ADD
177 silly ADD node_modules/nan
178 silly ADD
179 silly ADD
180 silly ADD
181 silly ADD
182 silly ADD
183 silly ADD
184 silly ADD
185 silly ADD node_modules/isarray
186 silly ADD
187 silly ADD node_modules/string_decoder
188 silly ADD node_modules/safe-buffer
189 silly ADD node_modules/readable-stream
190 silly ADD
191 silly ADD
192 silly ADD
193 silly ADD node_modules/node-gyp
194 silly ADD node_modules/nan
195 silly ADD
196 silly ADD
197 silly ADD
198 silly ADD
199 silly ADD
200 silly ADD
201 silly ADD
202 silly ADD
203 silly ADD node_modules/semver
204 silly ADD
205 silly ADD node_modules/nan
206 silly ADD
207 silly ADD node_modules/string_decoder
208 silly ADD node_modules/readable-stream
209 silly ADD node_modules/bl
210 silly ADD
211 silly ADD
212 silly ADD
213 silly ADD
214 silly ADD node_modules/through2
215 silly ADD node_modules/readable-stream
216 silly ADD node_modules/isarray
217 silly ADD node_modules/buffer-from
218 silly ADD
219 silly ADD
220 silly ADD
221 silly ADD
222 silly ADD
223 silly ADD
224 silly ADD
225 silly ADD
226 silly ADD
227 silly ADD
228 silly ADD
229 silly ADD
230 silly ADD
231 silly ADD
232 silly ADD
233 silly ADD
234 silly ADD
235 silly ADD
236 silly ADD
237 silly ADD
238 silly ADD
239 silly ADD
240 verbose cwd /data
241 verbose os Linux 6.8.0-87-generic
242 verbose node v20.19.5
243 verbose npm  v10.8.2
244 verbose exit 0
245 info ok
