0 verbose cli /usr/local/bin/node /usr/local/bin/npm
1 info using npm@10.8.2
2 info using node@v20.19.5
3 silly config load:file:/usr/local/lib/node_modules/npm/npmrc
4 silly config load:file:/data/.npmrc
5 silly config load:file:/usr/src/node-red/.npmrc
6 silly config load:file:/usr/local/etc/npmrc
7 verbose title npm install node-red-contrib-tail-file@1.2.6
8 verbose argv "install" "--no-audit" "--no-update-notifier" "--no-fund" "--save" "--save-prefix" "~" "--omit" "dev" "--engine-strict" "node-red-contrib-tail-file@1.2.6"
9 verbose logfile logs-max:10 dir:/data/.npm/_logs/2025-11-30T18_15_49_861Z-
10 verbose logfile /data/.npm/_logs/2025-11-30T18_15_49_861Z-debug-0.log
11 silly packumentCache heap:2019295232 maxSize:504823808 maxEntrySize:252411904
12 silly logfile done cleaning log files
13 silly idealTree buildDeps
14 silly fetch manifest node-red-contrib-tail-file@1.2.6
15 silly packumentCache full:https://registry.npmjs.org/node-red-contrib-tail-file cache-miss
16 http fetch GET 200 https://registry.npmjs.org/node-red-contrib-tail-file 3144ms (cache miss)
17 silly packumentCache full:https://registry.npmjs.org/node-red-contrib-tail-file set size:undefined disposed:false
18 silly placeDep ROOT node-red-contrib-tail-file@1.2.6 OK for: node-red-project@0.0.1 want: 1.2.6
19 silly fetch manifest chokidar@^2.0.4
20 silly packumentCache full:https://registry.npmjs.org/chokidar cache-miss
21 http fetch GET 200 https://registry.npmjs.org/chokidar 387ms (cache miss)
22 silly packumentCache full:https://registry.npmjs.org/chokidar set size:undefined disposed:false
23 silly fetch manifest fs-extra@^7.0.0
24 silly packumentCache full:https://registry.npmjs.org/fs-extra cache-miss
25 http fetch GET 200 https://registry.npmjs.org/fs-extra 365ms (cache miss)
26 silly packumentCache full:https://registry.npmjs.org/fs-extra set size:undefined disposed:false
27 silly placeDep ROOT chokidar@2.1.8 OK for: node-red-contrib-tail-file@1.2.6 want: ^2.0.4
28 silly placeDep ROOT fs-extra@7.0.1 OK for: node-red-contrib-tail-file@1.2.6 want: ^7.0.0
29 silly fetch manifest upath@^1.1.1
30 silly packumentCache full:https://registry.npmjs.org/upath cache-miss
31 http fetch GET 200 https://registry.npmjs.org/upath 316ms (cache miss)
32 silly packumentCache full:https://registry.npmjs.org/upath set size:undefined disposed:false
33 silly fetch manifest braces@^2.3.2
34 silly packumentCache full:https://registry.npmjs.org/braces cache-miss
35 http fetch GET 200 https://registry.npmjs.org/braces 543ms (cache miss)
36 silly packumentCache full:https://registry.npmjs.org/braces set size:undefined disposed:false
37 silly fetch manifest is-glob@^4.0.0
38 silly packumentCache full:https://registry.npmjs.org/is-glob cache-miss
39 http fetch GET 200 https://registry.npmjs.org/is-glob 387ms (cache revalidated)
40 silly packumentCache full:https://registry.npmjs.org/is-glob set size:40530 disposed:false
41 silly fetch manifest anymatch@^2.0.0
42 silly packumentCache full:https://registry.npmjs.org/anymatch cache-miss
43 http fetch GET 200 https://registry.npmjs.org/anymatch 400ms (cache miss)
44 silly packumentCache full:https://registry.npmjs.org/anymatch set size:undefined disposed:false
45 silly fetch manifest readdirp@^2.2.1
46 silly packumentCache full:https://registry.npmjs.org/readdirp cache-miss
47 http fetch GET 200 https://registry.npmjs.org/readdirp 280ms (cache miss)
48 silly packumentCache full:https://registry.npmjs.org/readdirp set size:undefined disposed:false
49 silly fetch manifest async-each@^1.0.1
50 silly packumentCache full:https://registry.npmjs.org/async-each cache-miss
51 http fetch GET 200 https://registry.npmjs.org/async-each 448ms (cache miss)
52 silly packumentCache full:https://registry.npmjs.org/async-each set size:undefined disposed:false
53 silly fetch manifest is-binary-path@^1.0.0
54 silly packumentCache full:https://registry.npmjs.org/is-binary-path cache-miss
55 http fetch GET 200 https://registry.npmjs.org/is-binary-path 324ms (cache miss)
56 silly packumentCache full:https://registry.npmjs.org/is-binary-path set size:undefined disposed:false
57 silly fetch manifest normalize-path@^3.0.0
58 silly packumentCache full:https://registry.npmjs.org/normalize-path cache-miss
59 http fetch GET 200 https://registry.npmjs.org/normalize-path 241ms (cache miss)
60 silly packumentCache full:https://registry.npmjs.org/normalize-path set size:undefined disposed:false
61 silly fetch manifest fsevents@^1.2.7
62 silly packumentCache full:https://registry.npmjs.org/fsevents cache-miss
63 http fetch GET 200 https://registry.npmjs.org/fsevents 343ms (cache miss)
64 silly packumentCache full:https://registry.npmjs.org/fsevents set size:undefined disposed:false
65 silly fetch manifest jsonfile@^4.0.0
66 silly packumentCache full:https://registry.npmjs.org/jsonfile cache-miss
67 http fetch GET 200 https://registry.npmjs.org/jsonfile 263ms (cache miss)
68 silly packumentCache full:https://registry.npmjs.org/jsonfile set size:undefined disposed:false
69 silly fetch manifest universalify@^0.1.0
70 silly packumentCache full:https://registry.npmjs.org/universalify cache-miss
71 http fetch GET 200 https://registry.npmjs.org/universalify 305ms (cache miss)
72 silly packumentCache full:https://registry.npmjs.org/universalify set size:undefined disposed:false
73 silly placeDep ROOT anymatch@2.0.0 OK for: chokidar@2.1.8 want: ^2.0.0
74 silly placeDep ROOT async-each@1.0.6 OK for: chokidar@2.1.8 want: ^1.0.1
75 silly placeDep ROOT braces@2.3.2 OK for: chokidar@2.1.8 want: ^2.3.2
76 silly placeDep ROOT fsevents@1.2.13 OK for: chokidar@2.1.8 want: ^1.2.7
77 silly placeDep ROOT is-binary-path@1.0.1 OK for: chokidar@2.1.8 want: ^1.0.0
78 silly placeDep node_modules/chokidar is-glob@4.0.3 OK for: chokidar@2.1.8 want: ^4.0.0
79 silly placeDep ROOT normalize-path@3.0.0 OK for: chokidar@2.1.8 want: ^3.0.0
80 silly placeDep ROOT readdirp@2.2.1 OK for: chokidar@2.1.8 want: ^2.2.1
81 silly placeDep ROOT upath@1.2.0 OK for: chokidar@2.1.8 want: ^1.1.1
82 silly fetch manifest micromatch@^3.1.4
83 silly packumentCache full:https://registry.npmjs.org/micromatch cache-miss
84 http fetch GET 200 https://registry.npmjs.org/micromatch 290ms (cache miss)
85 silly packumentCache full:https://registry.npmjs.org/micromatch set size:undefined disposed:false
86 silly fetch manifest normalize-path@^2.1.1
87 silly packumentCache full:https://registry.npmjs.org/normalize-path cache-miss
88 http fetch GET 200 https://registry.npmjs.org/normalize-path 28ms (cache hit)
89 silly packumentCache full:https://registry.npmjs.org/normalize-path set size:28713 disposed:false
90 silly fetch manifest isobject@^3.0.1
91 silly packumentCache full:https://registry.npmjs.org/isobject cache-miss
92 http fetch GET 200 https://registry.npmjs.org/isobject 850ms (cache miss)
93 silly packumentCache full:https://registry.npmjs.org/isobject set size:undefined disposed:false
94 silly fetch manifest to-regex@^3.0.1
95 silly packumentCache full:https://registry.npmjs.org/to-regex cache-miss
96 http fetch GET 200 https://registry.npmjs.org/to-regex 281ms (cache miss)
97 silly packumentCache full:https://registry.npmjs.org/to-regex set size:undefined disposed:false
98 silly fetch manifest fill-range@^4.0.0
99 silly packumentCache full:https://registry.npmjs.org/fill-range cache-miss
100 http fetch GET 200 https://registry.npmjs.org/fill-range 280ms (cache miss)
101 silly packumentCache full:https://registry.npmjs.org/fill-range set size:undefined disposed:false
102 silly fetch manifest snapdragon@^0.8.1
103 silly packumentCache full:https://registry.npmjs.org/snapdragon cache-miss
104 http fetch GET 200 https://registry.npmjs.org/snapdragon 360ms (cache miss)
105 silly packumentCache full:https://registry.npmjs.org/snapdragon set size:undefined disposed:false
106 silly fetch manifest arr-flatten@^1.1.0
107 silly packumentCache full:https://registry.npmjs.org/arr-flatten cache-miss
108 http fetch GET 200 https://registry.npmjs.org/arr-flatten 296ms (cache miss)
109 silly packumentCache full:https://registry.npmjs.org/arr-flatten set size:undefined disposed:false
110 silly fetch manifest array-unique@^0.3.2
111 silly packumentCache full:https://registry.npmjs.org/array-unique cache-miss
112 http fetch GET 200 https://registry.npmjs.org/array-unique 395ms (cache miss)
113 silly packumentCache full:https://registry.npmjs.org/array-unique set size:undefined disposed:false
114 silly fetch manifest split-string@^3.0.2
115 silly packumentCache full:https://registry.npmjs.org/split-string cache-miss
116 http fetch GET 200 https://registry.npmjs.org/split-string 275ms (cache miss)
117 silly packumentCache full:https://registry.npmjs.org/split-string set size:undefined disposed:false
118 silly fetch manifest extend-shallow@^2.0.1
119 silly packumentCache full:https://registry.npmjs.org/extend-shallow cache-miss
120 http fetch GET 200 https://registry.npmjs.org/extend-shallow 315ms (cache miss)
121 silly packumentCache full:https://registry.npmjs.org/extend-shallow set size:undefined disposed:false
122 silly fetch manifest repeat-element@^1.1.2
123 silly packumentCache full:https://registry.npmjs.org/repeat-element cache-miss
124 http fetch GET 200 https://registry.npmjs.org/repeat-element 285ms (cache miss)
125 silly packumentCache full:https://registry.npmjs.org/repeat-element set size:undefined disposed:false
126 silly fetch manifest snapdragon-node@^2.0.1
127 silly packumentCache full:https://registry.npmjs.org/snapdragon-node cache-miss
128 http fetch GET 200 https://registry.npmjs.org/snapdragon-node 280ms (cache miss)
129 silly packumentCache full:https://registry.npmjs.org/snapdragon-node set size:undefined disposed:false
130 silly fetch manifest nan@^2.12.1
131 silly packumentCache full:https://registry.npmjs.org/nan cache-miss
132 http fetch GET 200 https://registry.npmjs.org/nan 530ms (cache revalidated)
133 silly packumentCache full:https://registry.npmjs.org/nan set size:228134 disposed:false
134 silly fetch manifest bindings@^1.5.0
135 silly packumentCache full:https://registry.npmjs.org/bindings cache-miss
136 http fetch GET 200 https://registry.npmjs.org/bindings 303ms (cache revalidated)
137 silly packumentCache full:https://registry.npmjs.org/bindings set size:31303 disposed:false
138 silly fetch manifest binary-extensions@^1.0.0
139 silly packumentCache full:https://registry.npmjs.org/binary-extensions cache-miss
140 http fetch GET 200 https://registry.npmjs.org/binary-extensions 340ms (cache miss)
141 silly packumentCache full:https://registry.npmjs.org/binary-extensions set size:undefined disposed:false
142 silly fetch manifest micromatch@^3.1.10
143 silly packumentCache full:https://registry.npmjs.org/micromatch cache-miss
144 http fetch GET 200 https://registry.npmjs.org/micromatch 17ms (cache hit)
145 silly packumentCache full:https://registry.npmjs.org/micromatch set size:240630 disposed:false
146 silly fetch manifest readable-stream@^2.0.2
147 silly packumentCache full:https://registry.npmjs.org/readable-stream cache-miss
148 http fetch GET 200 https://registry.npmjs.org/readable-stream 325ms (cache revalidated)
149 silly packumentCache full:https://registry.npmjs.org/readable-stream set size:261096 disposed:false
150 silly placeDep ROOT micromatch@3.1.10 OK for: anymatch@2.0.0 want: ^3.1.4
151 silly placeDep node_modules/anymatch normalize-path@2.1.1 OK for: anymatch@2.0.0 want: ^2.1.1
152 silly fetch manifest extglob@^2.0.4
153 silly packumentCache full:https://registry.npmjs.org/extglob cache-miss
154 http fetch GET 200 https://registry.npmjs.org/extglob 334ms (cache miss)
155 silly packumentCache full:https://registry.npmjs.org/extglob set size:undefined disposed:false
156 silly fetch manifest kind-of@^6.0.2
157 silly packumentCache full:https://registry.npmjs.org/kind-of cache-miss
158 http fetch GET 200 https://registry.npmjs.org/kind-of 524ms (cache miss)
159 silly packumentCache full:https://registry.npmjs.org/kind-of set size:undefined disposed:false
160 silly fetch manifest arr-diff@^4.0.0
161 silly packumentCache full:https://registry.npmjs.org/arr-diff cache-miss
162 http fetch GET 200 https://registry.npmjs.org/arr-diff 351ms (cache miss)
163 silly packumentCache full:https://registry.npmjs.org/arr-diff set size:undefined disposed:false
164 silly fetch manifest to-regex@^3.0.2
165 silly packumentCache full:https://registry.npmjs.org/to-regex cache-miss
166 http fetch GET 200 https://registry.npmjs.org/to-regex 14ms (cache hit)
167 silly packumentCache full:https://registry.npmjs.org/to-regex set size:23376 disposed:false
168 silly fetch manifest nanomatch@^1.2.9
169 silly packumentCache full:https://registry.npmjs.org/nanomatch cache-miss
170 http fetch GET 200 https://registry.npmjs.org/nanomatch 321ms (cache miss)
171 silly packumentCache full:https://registry.npmjs.org/nanomatch set size:undefined disposed:false
172 silly fetch manifest regex-not@^1.0.0
173 silly packumentCache full:https://registry.npmjs.org/regex-not cache-miss
174 http fetch GET 200 https://registry.npmjs.org/regex-not 296ms (cache miss)
175 silly packumentCache full:https://registry.npmjs.org/regex-not set size:undefined disposed:false
176 silly fetch manifest object.pick@^1.3.0
177 silly packumentCache full:https://registry.npmjs.org/object.pick cache-miss
178 http fetch GET 200 https://registry.npmjs.org/object.pick 315ms (cache miss)
179 silly packumentCache full:https://registry.npmjs.org/object.pick set size:undefined disposed:false
180 silly fetch manifest extend-shallow@^3.0.2
181 silly packumentCache full:https://registry.npmjs.org/extend-shallow cache-miss
182 http fetch GET 200 https://registry.npmjs.org/extend-shallow 10ms (cache hit)
183 silly packumentCache full:https://registry.npmjs.org/extend-shallow set size:30182 disposed:false
184 silly fetch manifest fragment-cache@^0.2.1
185 silly packumentCache full:https://registry.npmjs.org/fragment-cache cache-miss
186 http fetch GET 200 https://registry.npmjs.org/fragment-cache 418ms (cache miss)
187 silly packumentCache full:https://registry.npmjs.org/fragment-cache set size:undefined disposed:false
188 silly fetch manifest define-property@^2.0.2
189 silly packumentCache full:https://registry.npmjs.org/define-property cache-miss
190 http fetch GET 200 https://registry.npmjs.org/define-property 246ms (cache miss)
191 silly packumentCache full:https://registry.npmjs.org/define-property set size:undefined disposed:false
192 silly placeDep ROOT arr-flatten@1.1.0 OK for: braces@2.3.2 want: ^1.1.0
193 silly placeDep ROOT array-unique@0.3.2 OK for: braces@2.3.2 want: ^0.3.2
194 silly placeDep ROOT extend-shallow@2.0.1 OK for: braces@2.3.2 want: ^2.0.1
195 silly placeDep ROOT fill-range@4.0.0 OK for: braces@2.3.2 want: ^4.0.0
196 silly placeDep ROOT isobject@3.0.1 OK for: braces@2.3.2 want: ^3.0.1
197 silly placeDep ROOT repeat-element@1.1.4 OK for: braces@2.3.2 want: ^1.1.2
198 silly placeDep ROOT snapdragon@0.8.2 OK for: braces@2.3.2 want: ^0.8.1
199 silly placeDep ROOT snapdragon-node@2.1.1 OK for: braces@2.3.2 want: ^2.0.1
200 silly placeDep ROOT split-string@3.1.0 OK for: braces@2.3.2 want: ^3.0.2
201 silly placeDep ROOT to-regex@3.0.2 OK for: braces@2.3.2 want: ^3.0.1
202 silly fetch manifest is-extendable@^0.1.0
203 silly packumentCache full:https://registry.npmjs.org/is-extendable cache-miss
204 http fetch GET 200 https://registry.npmjs.org/is-extendable 302ms (cache miss)
205 silly packumentCache full:https://registry.npmjs.org/is-extendable set size:undefined disposed:false
206 silly fetch manifest is-number@^3.0.0
207 silly packumentCache full:https://registry.npmjs.org/is-number cache-miss
208 http fetch GET 200 https://registry.npmjs.org/is-number 343ms (cache miss)
209 silly packumentCache full:https://registry.npmjs.org/is-number set size:undefined disposed:false
210 silly fetch manifest repeat-string@^1.6.1
211 silly packumentCache full:https://registry.npmjs.org/repeat-string cache-miss
212 http fetch GET 200 https://registry.npmjs.org/repeat-string 256ms (cache miss)
213 silly packumentCache full:https://registry.npmjs.org/repeat-string set size:undefined disposed:false
214 silly fetch manifest to-regex-range@^2.1.0
215 silly packumentCache full:https://registry.npmjs.org/to-regex-range cache-miss
216 http fetch GET 200 https://registry.npmjs.org/to-regex-range 242ms (cache miss)
217 silly packumentCache full:https://registry.npmjs.org/to-regex-range set size:undefined disposed:false
218 silly fetch manifest base@^0.11.1
219 silly packumentCache full:https://registry.npmjs.org/base cache-miss
220 http fetch GET 200 https://registry.npmjs.org/base 235ms (cache miss)
221 silly packumentCache full:https://registry.npmjs.org/base set size:undefined disposed:false
222 silly fetch manifest define-property@^0.2.5
223 silly packumentCache full:https://registry.npmjs.org/define-property cache-miss
224 http fetch GET 200 https://registry.npmjs.org/define-property 15ms (cache hit)
225 silly packumentCache full:https://registry.npmjs.org/define-property set size:27005 disposed:false
226 silly fetch manifest map-cache@^0.2.2
227 silly packumentCache full:https://registry.npmjs.org/map-cache cache-miss
228 http fetch GET 200 https://registry.npmjs.org/map-cache 300ms (cache miss)
229 silly packumentCache full:https://registry.npmjs.org/map-cache set size:undefined disposed:false
230 silly fetch manifest source-map@^0.5.6
231 silly packumentCache full:https://registry.npmjs.org/source-map cache-miss
232 http fetch GET 200 https://registry.npmjs.org/source-map 510ms (cache revalidated)
233 silly packumentCache full:https://registry.npmjs.org/source-map set size:226090 disposed:false
234 silly fetch manifest source-map-resolve@^0.5.0
235 silly packumentCache full:https://registry.npmjs.org/source-map-resolve cache-miss
236 http fetch GET 200 https://registry.npmjs.org/source-map-resolve 292ms (cache miss)
237 silly packumentCache full:https://registry.npmjs.org/source-map-resolve set size:undefined disposed:false
238 silly fetch manifest use@^3.1.0
239 silly packumentCache full:https://registry.npmjs.org/use cache-miss
240 http fetch GET 200 https://registry.npmjs.org/use 288ms (cache miss)
241 silly packumentCache full:https://registry.npmjs.org/use set size:undefined disposed:false
242 silly fetch manifest define-property@^1.0.0
243 silly packumentCache full:https://registry.npmjs.org/define-property cache-hit
244 silly fetch manifest snapdragon-util@^3.0.1
245 silly packumentCache full:https://registry.npmjs.org/snapdragon-util cache-miss
246 http fetch GET 200 https://registry.npmjs.org/snapdragon-util 288ms (cache miss)
247 silly packumentCache full:https://registry.npmjs.org/snapdragon-util set size:undefined disposed:false
248 silly fetch manifest extend-shallow@^3.0.0
249 silly packumentCache full:https://registry.npmjs.org/extend-shallow cache-hit
250 silly fetch manifest regex-not@^1.0.2
251 silly packumentCache full:https://registry.npmjs.org/regex-not cache-miss
252 http fetch GET 200 https://registry.npmjs.org/regex-not 17ms (cache hit)
253 silly packumentCache full:https://registry.npmjs.org/regex-not set size:16637 disposed:false
254 silly fetch manifest safe-regex@^1.1.0
255 silly packumentCache full:https://registry.npmjs.org/safe-regex cache-miss
256 http fetch GET 200 https://registry.npmjs.org/safe-regex 484ms (cache miss)
257 silly packumentCache full:https://registry.npmjs.org/safe-regex set size:undefined disposed:false
258 silly placeDep ROOT is-extendable@0.1.1 OK for: extend-shallow@2.0.1 want: ^0.1.0
259 silly placeDep ROOT is-number@3.0.0 OK for: fill-range@4.0.0 want: ^3.0.0
260 silly placeDep ROOT repeat-string@1.6.1 OK for: fill-range@4.0.0 want: ^1.6.1
261 silly placeDep ROOT to-regex-range@2.1.1 OK for: fill-range@4.0.0 want: ^2.1.0
262 silly fetch manifest kind-of@^3.0.2
263 silly packumentCache full:https://registry.npmjs.org/kind-of cache-miss
264 http fetch GET 200 https://registry.npmjs.org/kind-of 13ms (cache hit)
265 silly packumentCache full:https://registry.npmjs.org/kind-of set size:70901 disposed:false
266 silly placeDep ROOT jsonfile@4.0.0 OK for: fs-extra@7.0.1 want: ^4.0.0
267 silly placeDep ROOT universalify@0.1.2 OK for: fs-extra@7.0.1 want: ^0.1.0
268 silly placeDep node_modules/fsevents bindings@1.5.0 OK for: fsevents@1.2.13 want: ^1.5.0
269 silly placeDep node_modules/fsevents nan@2.23.1 OK for: fsevents@1.2.13 want: ^2.12.1
270 silly fetch manifest file-uri-to-path@1.0.0
271 silly packumentCache full:https://registry.npmjs.org/file-uri-to-path cache-miss
272 http fetch GET 200 https://registry.npmjs.org/file-uri-to-path 477ms (cache miss)
273 silly packumentCache full:https://registry.npmjs.org/file-uri-to-path set size:undefined disposed:false
274 silly placeDep ROOT binary-extensions@1.13.1 OK for: is-binary-path@1.0.1 want: ^1.0.0
275 silly placeDep ROOT kind-of@3.2.2 OK for: is-number@3.0.0 want: ^3.0.2
276 silly fetch manifest is-buffer@^1.1.5
277 silly packumentCache full:https://registry.npmjs.org/is-buffer cache-miss
278 http fetch GET 200 https://registry.npmjs.org/is-buffer 477ms (cache miss)
279 silly packumentCache full:https://registry.npmjs.org/is-buffer set size:undefined disposed:false
280 silly placeDep ROOT is-buffer@1.1.6 OK for: kind-of@3.2.2 want: ^1.1.5
281 silly placeDep ROOT arr-diff@4.0.0 OK for: micromatch@3.1.10 want: ^4.0.0
282 silly placeDep ROOT define-property@2.0.2 OK for: micromatch@3.1.10 want: ^2.0.2
283 silly placeDep node_modules/micromatch extend-shallow@3.0.2 OK for: micromatch@3.1.10 want: ^3.0.2
284 silly placeDep ROOT extglob@2.0.4 OK for: micromatch@3.1.10 want: ^2.0.4
285 silly placeDep ROOT fragment-cache@0.2.1 OK for: micromatch@3.1.10 want: ^0.2.1
286 silly placeDep node_modules/micromatch kind-of@6.0.3 OK for: micromatch@3.1.10 want: ^6.0.2
287 silly placeDep ROOT nanomatch@1.2.13 OK for: micromatch@3.1.10 want: ^1.2.9
288 silly placeDep ROOT object.pick@1.3.0 OK for: micromatch@3.1.10 want: ^1.3.0
289 silly placeDep ROOT regex-not@1.0.2 OK for: micromatch@3.1.10 want: ^1.0.0
290 silly fetch manifest is-descriptor@^1.0.2
291 silly packumentCache full:https://registry.npmjs.org/is-descriptor cache-miss
292 http fetch GET 200 https://registry.npmjs.org/is-descriptor 237ms (cache miss)
293 silly packumentCache full:https://registry.npmjs.org/is-descriptor set size:undefined disposed:false
294 silly fetch manifest assign-symbols@^1.0.0
295 silly packumentCache full:https://registry.npmjs.org/assign-symbols cache-miss
296 http fetch GET 200 https://registry.npmjs.org/assign-symbols 297ms (cache miss)
297 silly packumentCache full:https://registry.npmjs.org/assign-symbols set size:undefined disposed:false
298 silly fetch manifest is-extendable@^1.0.1
299 silly packumentCache full:https://registry.npmjs.org/is-extendable cache-miss
300 http fetch GET 200 https://registry.npmjs.org/is-extendable 10ms (cache hit)
301 silly packumentCache full:https://registry.npmjs.org/is-extendable set size:12265 disposed:false
302 silly fetch manifest expand-brackets@^2.1.4
303 silly packumentCache full:https://registry.npmjs.org/expand-brackets cache-miss
304 http fetch GET 200 https://registry.npmjs.org/expand-brackets 233ms (cache miss)
305 silly packumentCache full:https://registry.npmjs.org/expand-brackets set size:undefined disposed:false
306 silly placeDep ROOT is-descriptor@1.0.3 OK for: define-property@2.0.2 want: ^1.0.2
307 silly fetch manifest is-accessor-descriptor@^1.0.1
308 silly packumentCache full:https://registry.npmjs.org/is-accessor-descriptor cache-miss
309 http fetch GET 200 https://registry.npmjs.org/is-accessor-descriptor 221ms (cache miss)
310 silly packumentCache full:https://registry.npmjs.org/is-accessor-descriptor set size:undefined disposed:false
311 silly fetch manifest is-data-descriptor@^1.0.1
312 silly packumentCache full:https://registry.npmjs.org/is-data-descriptor cache-miss
313 http fetch GET 200 https://registry.npmjs.org/is-data-descriptor 304ms (cache miss)
314 silly packumentCache full:https://registry.npmjs.org/is-data-descriptor set size:undefined disposed:false
315 silly placeDep node_modules/extglob define-property@1.0.0 OK for: extglob@2.0.4 want: ^1.0.0
316 silly placeDep ROOT expand-brackets@2.1.4 OK for: extglob@2.0.4 want: ^2.1.4
317 silly fetch manifest posix-character-classes@^0.1.0
318 silly packumentCache full:https://registry.npmjs.org/posix-character-classes cache-miss
319 http fetch GET 200 https://registry.npmjs.org/posix-character-classes 330ms (cache miss)
320 silly packumentCache full:https://registry.npmjs.org/posix-character-classes set size:undefined disposed:false
321 silly placeDep node_modules/expand-brackets define-property@0.2.5 OK for: expand-brackets@2.1.4 want: ^0.2.5
322 silly placeDep ROOT posix-character-classes@0.1.1 OK for: expand-brackets@2.1.4 want: ^0.1.0
323 silly fetch manifest is-descriptor@^0.1.0
324 silly packumentCache full:https://registry.npmjs.org/is-descriptor cache-miss
325 http fetch GET 200 https://registry.npmjs.org/is-descriptor 14ms (cache hit)
326 silly packumentCache full:https://registry.npmjs.org/is-descriptor set size:53752 disposed:false
327 silly placeDep ROOT map-cache@0.2.2 OK for: fragment-cache@0.2.1 want: ^0.2.2
328 silly placeDep ROOT is-accessor-descriptor@1.0.1 OK for: is-descriptor@1.0.3 want: ^1.0.1
329 silly placeDep ROOT is-data-descriptor@1.0.1 OK for: is-descriptor@1.0.3 want: ^1.0.1
330 silly placeDep node_modules/nanomatch extend-shallow@3.0.2 OK for: nanomatch@1.2.13 want: ^3.0.2
331 silly placeDep node_modules/nanomatch kind-of@6.0.3 OK for: nanomatch@1.2.13 want: ^6.0.2
332 silly placeDep node_modules/readdirp readable-stream@2.3.8 OK for: readdirp@2.2.1 want: ^2.0.2
333 silly fetch manifest safe-buffer@~5.1.1
334 silly packumentCache full:https://registry.npmjs.org/safe-buffer cache-miss
335 http fetch GET 200 https://registry.npmjs.org/safe-buffer 273ms (cache revalidated)
336 silly packumentCache full:https://registry.npmjs.org/safe-buffer set size:41183 disposed:false
337 silly fetch manifest string_decoder@~1.1.1
338 silly packumentCache full:https://registry.npmjs.org/string_decoder cache-miss
339 http fetch GET 200 https://registry.npmjs.org/string_decoder 319ms (cache revalidated)
340 silly packumentCache full:https://registry.npmjs.org/string_decoder set size:28441 disposed:false
341 silly placeDep node_modules/regex-not extend-shallow@3.0.2 OK for: regex-not@1.0.2 want: ^3.0.2
342 silly placeDep ROOT safe-regex@1.1.0 OK for: regex-not@1.0.2 want: ^1.1.0
343 silly fetch manifest ret@~0.1.10
344 silly packumentCache full:https://registry.npmjs.org/ret cache-miss
345 http fetch GET 200 https://registry.npmjs.org/ret 310ms (cache miss)
346 silly packumentCache full:https://registry.npmjs.org/ret set size:undefined disposed:false
347 silly placeDep ROOT ret@0.1.15 OK for: safe-regex@1.1.0 want: ~0.1.10
348 silly placeDep ROOT base@0.11.2 OK for: snapdragon@0.8.2 want: ^0.11.1
349 silly placeDep node_modules/snapdragon define-property@0.2.5 OK for: snapdragon@0.8.2 want: ^0.2.5
350 silly placeDep node_modules/snapdragon source-map@0.5.7 OK for: snapdragon@0.8.2 want: ^0.5.6
351 silly placeDep ROOT source-map-resolve@0.5.3 OK for: snapdragon@0.8.2 want: ^0.5.0
352 silly placeDep ROOT use@3.1.1 OK for: snapdragon@0.8.2 want: ^3.1.0
353 silly fetch manifest cache-base@^1.0.1
354 silly packumentCache full:https://registry.npmjs.org/cache-base cache-miss
355 http fetch GET 200 https://registry.npmjs.org/cache-base 375ms (cache miss)
356 silly packumentCache full:https://registry.npmjs.org/cache-base set size:undefined disposed:false
357 silly fetch manifest class-utils@^0.3.5
358 silly packumentCache full:https://registry.npmjs.org/class-utils cache-miss
359 http fetch GET 200 https://registry.npmjs.org/class-utils 306ms (cache miss)
360 silly packumentCache full:https://registry.npmjs.org/class-utils set size:undefined disposed:false
361 silly fetch manifest component-emitter@^1.2.1
362 silly packumentCache full:https://registry.npmjs.org/component-emitter cache-miss
363 http fetch GET 200 https://registry.npmjs.org/component-emitter 323ms (cache miss)
364 silly packumentCache full:https://registry.npmjs.org/component-emitter set size:undefined disposed:false
365 silly fetch manifest mixin-deep@^1.2.0
366 silly packumentCache full:https://registry.npmjs.org/mixin-deep cache-miss
367 http fetch GET 200 https://registry.npmjs.org/mixin-deep 314ms (cache miss)
368 silly packumentCache full:https://registry.npmjs.org/mixin-deep set size:undefined disposed:false
369 silly fetch manifest pascalcase@^0.1.1
370 silly packumentCache full:https://registry.npmjs.org/pascalcase cache-miss
371 http fetch GET 200 https://registry.npmjs.org/pascalcase 293ms (cache miss)
372 silly packumentCache full:https://registry.npmjs.org/pascalcase set size:undefined disposed:false
373 silly fetch manifest atob@^2.1.2
374 silly packumentCache full:https://registry.npmjs.org/atob cache-miss
375 http fetch GET 200 https://registry.npmjs.org/atob 472ms (cache miss)
376 silly packumentCache full:https://registry.npmjs.org/atob set size:undefined disposed:false
377 silly fetch manifest decode-uri-component@^0.2.0
378 silly packumentCache full:https://registry.npmjs.org/decode-uri-component cache-miss
379 http fetch GET 200 https://registry.npmjs.org/decode-uri-component 487ms (cache miss)
380 silly packumentCache full:https://registry.npmjs.org/decode-uri-component set size:undefined disposed:false
381 silly fetch manifest resolve-url@^0.2.1
382 silly packumentCache full:https://registry.npmjs.org/resolve-url cache-miss
383 http fetch GET 200 https://registry.npmjs.org/resolve-url 242ms (cache miss)
384 silly packumentCache full:https://registry.npmjs.org/resolve-url set size:undefined disposed:false
385 silly fetch manifest source-map-url@^0.4.0
386 silly packumentCache full:https://registry.npmjs.org/source-map-url cache-miss
387 http fetch GET 200 https://registry.npmjs.org/source-map-url 284ms (cache miss)
388 silly packumentCache full:https://registry.npmjs.org/source-map-url set size:undefined disposed:false
389 silly fetch manifest urix@^0.1.0
390 silly packumentCache full:https://registry.npmjs.org/urix cache-miss
391 http fetch GET 200 https://registry.npmjs.org/urix 420ms (cache miss)
392 silly packumentCache full:https://registry.npmjs.org/urix set size:undefined disposed:false
393 silly placeDep ROOT cache-base@1.0.1 OK for: base@0.11.2 want: ^1.0.1
394 silly placeDep ROOT class-utils@0.3.6 OK for: base@0.11.2 want: ^0.3.5
395 silly placeDep ROOT component-emitter@1.3.1 OK for: base@0.11.2 want: ^1.2.1
396 silly placeDep node_modules/base define-property@1.0.0 OK for: base@0.11.2 want: ^1.0.0
397 silly placeDep ROOT mixin-deep@1.3.2 OK for: base@0.11.2 want: ^1.2.0
398 silly placeDep ROOT pascalcase@0.1.1 OK for: base@0.11.2 want: ^0.1.1
399 silly fetch manifest collection-visit@^1.0.0
400 silly packumentCache full:https://registry.npmjs.org/collection-visit cache-miss
401 http fetch GET 200 https://registry.npmjs.org/collection-visit 242ms (cache miss)
402 silly packumentCache full:https://registry.npmjs.org/collection-visit set size:undefined disposed:false
403 silly fetch manifest get-value@^2.0.6
404 silly packumentCache full:https://registry.npmjs.org/get-value cache-miss
405 http fetch GET 200 https://registry.npmjs.org/get-value 301ms (cache miss)
406 silly packumentCache full:https://registry.npmjs.org/get-value set size:undefined disposed:false
407 silly fetch manifest has-value@^1.0.0
408 silly packumentCache full:https://registry.npmjs.org/has-value cache-miss
409 http fetch GET 200 https://registry.npmjs.org/has-value 337ms (cache miss)
410 silly packumentCache full:https://registry.npmjs.org/has-value set size:undefined disposed:false
411 silly fetch manifest set-value@^2.0.0
412 silly packumentCache full:https://registry.npmjs.org/set-value cache-miss
413 http fetch GET 200 https://registry.npmjs.org/set-value 411ms (cache miss)
414 silly packumentCache full:https://registry.npmjs.org/set-value set size:undefined disposed:false
415 silly fetch manifest to-object-path@^0.3.0
416 silly packumentCache full:https://registry.npmjs.org/to-object-path cache-miss
417 http fetch GET 200 https://registry.npmjs.org/to-object-path 266ms (cache miss)
418 silly packumentCache full:https://registry.npmjs.org/to-object-path set size:undefined disposed:false
419 silly fetch manifest union-value@^1.0.0
420 silly packumentCache full:https://registry.npmjs.org/union-value cache-miss
421 http fetch GET 200 https://registry.npmjs.org/union-value 345ms (cache miss)
422 silly packumentCache full:https://registry.npmjs.org/union-value set size:undefined disposed:false
423 silly fetch manifest unset-value@^1.0.0
424 silly packumentCache full:https://registry.npmjs.org/unset-value cache-miss
425 http fetch GET 200 https://registry.npmjs.org/unset-value 373ms (cache miss)
426 silly packumentCache full:https://registry.npmjs.org/unset-value set size:undefined disposed:false
427 silly fetch manifest arr-union@^3.1.0
428 silly packumentCache full:https://registry.npmjs.org/arr-union cache-miss
429 http fetch GET 200 https://registry.npmjs.org/arr-union 547ms (cache miss)
430 silly packumentCache full:https://registry.npmjs.org/arr-union set size:undefined disposed:false
431 silly fetch manifest static-extend@^0.1.1
432 silly packumentCache full:https://registry.npmjs.org/static-extend cache-miss
433 http fetch GET 200 https://registry.npmjs.org/static-extend 280ms (cache miss)
434 silly packumentCache full:https://registry.npmjs.org/static-extend set size:undefined disposed:false
435 silly fetch manifest for-in@^1.0.2
436 silly packumentCache full:https://registry.npmjs.org/for-in cache-miss
437 http fetch GET 200 https://registry.npmjs.org/for-in 272ms (cache miss)
438 silly packumentCache full:https://registry.npmjs.org/for-in set size:undefined disposed:false
439 silly placeDep ROOT collection-visit@1.0.0 OK for: cache-base@1.0.1 want: ^1.0.0
440 silly placeDep ROOT get-value@2.0.6 OK for: cache-base@1.0.1 want: ^2.0.6
441 silly placeDep ROOT has-value@1.0.0 OK for: cache-base@1.0.1 want: ^1.0.0
442 silly placeDep ROOT set-value@2.0.1 OK for: cache-base@1.0.1 want: ^2.0.0
443 silly placeDep ROOT to-object-path@0.3.0 OK for: cache-base@1.0.1 want: ^0.3.0
444 silly placeDep ROOT union-value@1.0.1 OK for: cache-base@1.0.1 want: ^1.0.0
445 silly placeDep ROOT unset-value@1.0.0 OK for: cache-base@1.0.1 want: ^1.0.0
446 silly fetch manifest map-visit@^1.0.0
447 silly packumentCache full:https://registry.npmjs.org/map-visit cache-miss
448 http fetch GET 200 https://registry.npmjs.org/map-visit 399ms (cache miss)
449 silly packumentCache full:https://registry.npmjs.org/map-visit set size:undefined disposed:false
450 silly fetch manifest object-visit@^1.0.0
451 silly packumentCache full:https://registry.npmjs.org/object-visit cache-miss
452 http fetch GET 200 https://registry.npmjs.org/object-visit 265ms (cache miss)
453 silly packumentCache full:https://registry.npmjs.org/object-visit set size:undefined disposed:false
454 silly fetch manifest has-values@^1.0.0
455 silly packumentCache full:https://registry.npmjs.org/has-values cache-miss
456 http fetch GET 200 https://registry.npmjs.org/has-values 278ms (cache miss)
457 silly packumentCache full:https://registry.npmjs.org/has-values set size:undefined disposed:false
458 silly fetch manifest is-plain-object@^2.0.3
459 silly packumentCache full:https://registry.npmjs.org/is-plain-object cache-miss
460 http fetch GET 200 https://registry.npmjs.org/is-plain-object 267ms (cache miss)
461 silly packumentCache full:https://registry.npmjs.org/is-plain-object set size:undefined disposed:false
462 silly fetch manifest has-value@^0.3.1
463 silly packumentCache full:https://registry.npmjs.org/has-value cache-miss
464 http fetch GET 200 https://registry.npmjs.org/has-value 13ms (cache hit)
465 silly packumentCache full:https://registry.npmjs.org/has-value set size:26861 disposed:false
466 silly placeDep ROOT arr-union@3.1.0 OK for: class-utils@0.3.6 want: ^3.1.0
467 silly placeDep node_modules/class-utils define-property@0.2.5 OK for: class-utils@0.3.6 want: ^0.2.5
468 silly placeDep ROOT static-extend@0.1.2 OK for: class-utils@0.3.6 want: ^0.1.1
469 silly fetch manifest object-copy@^0.1.0
470 silly packumentCache full:https://registry.npmjs.org/object-copy cache-miss
471 http fetch GET 200 https://registry.npmjs.org/object-copy 275ms (cache miss)
472 silly packumentCache full:https://registry.npmjs.org/object-copy set size:undefined disposed:false
473 silly placeDep ROOT map-visit@1.0.0 OK for: collection-visit@1.0.0 want: ^1.0.0
474 silly placeDep ROOT object-visit@1.0.1 OK for: collection-visit@1.0.0 want: ^1.0.0
475 silly placeDep ROOT has-values@1.0.0 OK for: has-value@1.0.0 want: ^1.0.0
476 silly fetch manifest kind-of@^4.0.0
477 silly packumentCache full:https://registry.npmjs.org/kind-of cache-hit
478 silly placeDep node_modules/has-values kind-of@4.0.0 OK for: has-values@1.0.0 want: ^4.0.0
479 silly placeDep ROOT for-in@1.0.2 OK for: mixin-deep@1.3.2 want: ^1.0.2
480 silly placeDep node_modules/mixin-deep is-extendable@1.0.1 OK for: mixin-deep@1.3.2 want: ^1.0.1
481 silly fetch manifest is-plain-object@^2.0.4
482 silly packumentCache full:https://registry.npmjs.org/is-plain-object cache-miss
483 http fetch GET 200 https://registry.npmjs.org/is-plain-object 10ms (cache hit)
484 silly packumentCache full:https://registry.npmjs.org/is-plain-object set size:47016 disposed:false
485 silly placeDep ROOT is-plain-object@2.0.4 OK for: set-value@2.0.1 want: ^2.0.3
486 silly placeDep node_modules/snapdragon-node define-property@1.0.0 OK for: snapdragon-node@2.1.1 want: ^1.0.0
487 silly placeDep ROOT snapdragon-util@3.0.1 OK for: snapdragon-node@2.1.1 want: ^3.0.1
488 silly placeDep ROOT atob@2.1.2 OK for: source-map-resolve@0.5.3 want: ^2.1.2
489 silly placeDep ROOT decode-uri-component@0.2.2 OK for: source-map-resolve@0.5.3 want: ^0.2.0
490 silly placeDep ROOT resolve-url@0.2.1 OK for: source-map-resolve@0.5.3 want: ^0.2.1
491 silly placeDep ROOT source-map-url@0.4.1 OK for: source-map-resolve@0.5.3 want: ^0.4.0
492 silly placeDep ROOT urix@0.1.0 OK for: source-map-resolve@0.5.3 want: ^0.1.0
493 silly placeDep node_modules/split-string extend-shallow@3.0.2 OK for: split-string@3.1.0 want: ^3.0.0
494 silly placeDep node_modules/static-extend define-property@0.2.5 OK for: static-extend@0.1.2 want: ^0.2.5
495 silly placeDep ROOT object-copy@0.1.0 OK for: static-extend@0.1.2 want: ^0.1.0
496 silly fetch manifest copy-descriptor@^0.1.0
497 silly packumentCache full:https://registry.npmjs.org/copy-descriptor cache-miss
498 http fetch GET 200 https://registry.npmjs.org/copy-descriptor 288ms (cache miss)
499 silly packumentCache full:https://registry.npmjs.org/copy-descriptor set size:undefined disposed:false
500 silly placeDep ROOT copy-descriptor@0.1.1 OK for: object-copy@0.1.0 want: ^0.1.0
501 silly placeDep node_modules/object-copy define-property@0.2.5 OK for: object-copy@0.1.0 want: ^0.2.5
502 silly placeDep node_modules/to-regex extend-shallow@3.0.2 OK for: to-regex@3.0.2 want: ^3.0.2
503 silly placeDep node_modules/unset-value has-value@0.3.1 OK for: unset-value@1.0.0 want: ^0.3.1
504 silly fetch manifest has-values@^0.1.4
505 silly packumentCache full:https://registry.npmjs.org/has-values cache-miss
506 http fetch GET 200 https://registry.npmjs.org/has-values 23ms (cache hit)
507 silly packumentCache full:https://registry.npmjs.org/has-values set size:20840 disposed:false
508 silly fetch manifest isobject@^2.0.0
509 silly packumentCache full:https://registry.npmjs.org/isobject cache-miss
510 http fetch GET 200 https://registry.npmjs.org/isobject 17ms (cache hit)
511 silly packumentCache full:https://registry.npmjs.org/isobject set size:26140 disposed:false
512 silly placeDep node_modules/class-utils is-descriptor@0.1.7 OK for: define-property@0.2.5 want: ^0.1.0
513 silly placeDep node_modules/expand-brackets is-descriptor@0.1.7 OK for: define-property@0.2.5 want: ^0.1.0
514 silly placeDep ROOT file-uri-to-path@1.0.0 OK for: bindings@1.5.0 want: 1.0.0
515 silly placeDep ROOT assign-symbols@1.0.0 OK for: extend-shallow@3.0.2 want: ^1.0.0
516 silly placeDep node_modules/micromatch is-extendable@1.0.1 OK for: extend-shallow@3.0.2 want: ^1.0.1
517 silly placeDep node_modules/nanomatch is-extendable@1.0.1 OK for: extend-shallow@3.0.2 want: ^1.0.1
518 silly placeDep node_modules/object-copy is-descriptor@0.1.7 OK for: define-property@0.2.5 want: ^0.1.0
519 silly placeDep node_modules/readdirp safe-buffer@5.1.2 OK for: readable-stream@2.3.8 want: ~5.1.1
520 silly placeDep node_modules/readdirp string_decoder@1.1.1 OK for: readable-stream@2.3.8 want: ~1.1.1
521 silly placeDep node_modules/regex-not is-extendable@1.0.1 OK for: extend-shallow@3.0.2 want: ^1.0.1
522 silly placeDep node_modules/snapdragon is-descriptor@0.1.7 OK for: define-property@0.2.5 want: ^0.1.0
523 silly placeDep node_modules/split-string is-extendable@1.0.1 OK for: extend-shallow@3.0.2 want: ^1.0.1
524 silly placeDep node_modules/static-extend is-descriptor@0.1.7 OK for: define-property@0.2.5 want: ^0.1.0
525 silly placeDep node_modules/to-regex is-extendable@1.0.1 OK for: extend-shallow@3.0.2 want: ^1.0.1
526 silly placeDep node_modules/unset-value has-values@0.1.4 OK for: has-value@0.3.1 want: ^0.1.4
527 silly placeDep node_modules/unset-value/node_modules/has-value isobject@2.1.0 OK for: has-value@0.3.1 want: ^2.0.0
528 silly reify moves {}
529 verbose reify failed optional dependency /data/node_modules/fsevents
530 silly reify mark deleted [ '/data/node_modules/fsevents' ]
531 verbose reify failed optional dependency /data/node_modules/fsevents/node_modules/nan
532 silly reify mark deleted [ '/data/node_modules/fsevents/node_modules/nan' ]
533 verbose reify failed optional dependency /data/node_modules/fsevents/node_modules/bindings
534 silly reify mark deleted [ '/data/node_modules/fsevents/node_modules/bindings' ]
535 verbose reify failed optional dependency /data/node_modules/file-uri-to-path
536 silly reify mark deleted [ '/data/node_modules/file-uri-to-path' ]
537 verbose reify failed optional dependency /data/node_modules/amqplib
538 silly reify mark deleted [ '/data/node_modules/amqplib' ]
539 verbose reify failed optional dependency /data/node_modules/bitsyntax
540 silly reify mark deleted [ '/data/node_modules/bitsyntax' ]
541 verbose reify failed optional dependency /data/node_modules/buffer-more-ints
542 silly reify mark deleted [ '/data/node_modules/buffer-more-ints' ]
543 verbose reify failed optional dependency /data/node_modules/when
544 silly reify mark deleted [ '/data/node_modules/when' ]
545 silly tarball no local data for assign-symbols@https://registry.npmjs.org/assign-symbols/-/assign-symbols-1.0.0.tgz. Extracting by manifest.
546 silly tarball no local data for urix@https://registry.npmjs.org/urix/-/urix-0.1.0.tgz. Extracting by manifest.
547 silly tarball no local data for file-uri-to-path@https://registry.npmjs.org/file-uri-to-path/-/file-uri-to-path-1.0.0.tgz. Extracting by manifest.
548 silly tarball no local data for source-map-url@https://registry.npmjs.org/source-map-url/-/source-map-url-0.4.1.tgz. Extracting by manifest.
549 silly tarball no local data for resolve-url@https://registry.npmjs.org/resolve-url/-/resolve-url-0.2.1.tgz. Extracting by manifest.
550 silly tarball no local data for copy-descriptor@https://registry.npmjs.org/copy-descriptor/-/copy-descriptor-0.1.1.tgz. Extracting by manifest.
551 silly tarball no local data for snapdragon-util@https://registry.npmjs.org/snapdragon-util/-/snapdragon-util-3.0.1.tgz. Extracting by manifest.
552 silly tarball no local data for object-copy@https://registry.npmjs.org/object-copy/-/object-copy-0.1.0.tgz. Extracting by manifest.
553 silly tarball no local data for atob@https://registry.npmjs.org/atob/-/atob-2.1.2.tgz. Extracting by manifest.
554 silly tarball no local data for is-plain-object@https://registry.npmjs.org/is-plain-object/-/is-plain-object-2.0.4.tgz. Extracting by manifest.
555 silly tarball no local data for decode-uri-component@https://registry.npmjs.org/decode-uri-component/-/decode-uri-component-0.2.2.tgz. Extracting by manifest.
556 silly tarball no local data for map-visit@https://registry.npmjs.org/map-visit/-/map-visit-1.0.0.tgz. Extracting by manifest.
557 silly tarball no local data for static-extend@https://registry.npmjs.org/static-extend/-/static-extend-0.1.2.tgz. Extracting by manifest.
558 silly tarball no local data for for-in@https://registry.npmjs.org/for-in/-/for-in-1.0.2.tgz. Extracting by manifest.
559 silly tarball no local data for has-values@https://registry.npmjs.org/has-values/-/has-values-1.0.0.tgz. Extracting by manifest.
560 silly tarball no local data for arr-union@https://registry.npmjs.org/arr-union/-/arr-union-3.1.0.tgz. Extracting by manifest.
561 silly tarball no local data for object-visit@https://registry.npmjs.org/object-visit/-/object-visit-1.0.1.tgz. Extracting by manifest.
562 silly tarball no local data for set-value@https://registry.npmjs.org/set-value/-/set-value-2.0.1.tgz. Extracting by manifest.
563 silly tarball no local data for to-object-path@https://registry.npmjs.org/to-object-path/-/to-object-path-0.3.0.tgz. Extracting by manifest.
564 silly tarball no local data for unset-value@https://registry.npmjs.org/unset-value/-/unset-value-1.0.0.tgz. Extracting by manifest.
565 silly tarball no local data for collection-visit@https://registry.npmjs.org/collection-visit/-/collection-visit-1.0.0.tgz. Extracting by manifest.
566 silly tarball no local data for has-value@https://registry.npmjs.org/has-value/-/has-value-1.0.0.tgz. Extracting by manifest.
567 silly tarball no local data for mixin-deep@https://registry.npmjs.org/mixin-deep/-/mixin-deep-1.3.2.tgz. Extracting by manifest.
568 silly tarball no local data for union-value@https://registry.npmjs.org/union-value/-/union-value-1.0.1.tgz. Extracting by manifest.
569 silly tarball no local data for class-utils@https://registry.npmjs.org/class-utils/-/class-utils-0.3.6.tgz. Extracting by manifest.
570 silly tarball no local data for pascalcase@https://registry.npmjs.org/pascalcase/-/pascalcase-0.1.1.tgz. Extracting by manifest.
571 silly tarball no local data for get-value@https://registry.npmjs.org/get-value/-/get-value-2.0.6.tgz. Extracting by manifest.
572 silly tarball no local data for source-map-resolve@https://registry.npmjs.org/source-map-resolve/-/source-map-resolve-0.5.3.tgz. Extracting by manifest.
573 silly tarball no local data for cache-base@https://registry.npmjs.org/cache-base/-/cache-base-1.0.1.tgz. Extracting by manifest.
574 silly tarball no local data for component-emitter@https://registry.npmjs.org/component-emitter/-/component-emitter-1.3.1.tgz. Extracting by manifest.
575 silly tarball no local data for base@https://registry.npmjs.org/base/-/base-0.11.2.tgz. Extracting by manifest.
576 silly tarball no local data for is-data-descriptor@https://registry.npmjs.org/is-data-descriptor/-/is-data-descriptor-1.0.1.tgz. Extracting by manifest.
577 silly tarball no local data for is-accessor-descriptor@https://registry.npmjs.org/is-accessor-descriptor/-/is-accessor-descriptor-1.0.1.tgz. Extracting by manifest.
578 silly tarball no local data for ret@https://registry.npmjs.org/ret/-/ret-0.1.15.tgz. Extracting by manifest.
579 silly tarball no local data for safe-regex@https://registry.npmjs.org/safe-regex/-/safe-regex-1.1.0.tgz. Extracting by manifest.
580 silly tarball no local data for posix-character-classes@https://registry.npmjs.org/posix-character-classes/-/posix-character-classes-0.1.1.tgz. Extracting by manifest.
581 silly tarball no local data for is-descriptor@https://registry.npmjs.org/is-descriptor/-/is-descriptor-1.0.3.tgz. Extracting by manifest.
582 silly tarball no local data for regex-not@https://registry.npmjs.org/regex-not/-/regex-not-1.0.2.tgz. Extracting by manifest.
583 silly tarball no local data for object.pick@https://registry.npmjs.org/object.pick/-/object.pick-1.3.0.tgz. Extracting by manifest.
584 silly tarball no local data for use@https://registry.npmjs.org/use/-/use-3.1.1.tgz. Extracting by manifest.
585 silly tarball no local data for fragment-cache@https://registry.npmjs.org/fragment-cache/-/fragment-cache-0.2.1.tgz. Extracting by manifest.
586 silly tarball no local data for expand-brackets@https://registry.npmjs.org/expand-brackets/-/expand-brackets-2.1.4.tgz. Extracting by manifest.
587 silly tarball no local data for define-property@https://registry.npmjs.org/define-property/-/define-property-2.0.2.tgz. Extracting by manifest.
588 silly tarball no local data for arr-diff@https://registry.npmjs.org/arr-diff/-/arr-diff-4.0.0.tgz. Extracting by manifest.
589 silly tarball no local data for is-buffer@https://registry.npmjs.org/is-buffer/-/is-buffer-1.1.6.tgz. Extracting by manifest.
590 silly tarball no local data for map-cache@https://registry.npmjs.org/map-cache/-/map-cache-0.2.2.tgz. Extracting by manifest.
591 silly tarball no local data for binary-extensions@https://registry.npmjs.org/binary-extensions/-/binary-extensions-1.13.1.tgz. Extracting by manifest.
592 silly tarball no local data for extglob@https://registry.npmjs.org/extglob/-/extglob-2.0.4.tgz. Extracting by manifest.
593 silly tarball no local data for jsonfile@https://registry.npmjs.org/jsonfile/-/jsonfile-4.0.0.tgz. Extracting by manifest.
594 silly tarball no local data for to-regex-range@https://registry.npmjs.org/to-regex-range/-/to-regex-range-2.1.1.tgz. Extracting by manifest.
595 silly tarball no local data for repeat-string@https://registry.npmjs.org/repeat-string/-/repeat-string-1.6.1.tgz. Extracting by manifest.
596 silly tarball no local data for kind-of@https://registry.npmjs.org/kind-of/-/kind-of-3.2.2.tgz. Extracting by manifest.
597 silly tarball no local data for universalify@https://registry.npmjs.org/universalify/-/universalify-0.1.2.tgz. Extracting by manifest.
598 silly tarball no local data for is-number@https://registry.npmjs.org/is-number/-/is-number-3.0.0.tgz. Extracting by manifest.
599 silly tarball no local data for to-regex@https://registry.npmjs.org/to-regex/-/to-regex-3.0.2.tgz. Extracting by manifest.
600 silly tarball no local data for is-extendable@https://registry.npmjs.org/is-extendable/-/is-extendable-0.1.1.tgz. Extracting by manifest.
601 silly tarball no local data for snapdragon@https://registry.npmjs.org/snapdragon/-/snapdragon-0.8.2.tgz. Extracting by manifest.
602 silly tarball no local data for nanomatch@https://registry.npmjs.org/nanomatch/-/nanomatch-1.2.13.tgz. Extracting by manifest.
603 silly tarball no local data for isobject@https://registry.npmjs.org/isobject/-/isobject-3.0.1.tgz. Extracting by manifest.
604 silly tarball no local data for split-string@https://registry.npmjs.org/split-string/-/split-string-3.1.0.tgz. Extracting by manifest.
605 silly tarball no local data for repeat-element@https://registry.npmjs.org/repeat-element/-/repeat-element-1.1.4.tgz. Extracting by manifest.
606 silly tarball no local data for array-unique@https://registry.npmjs.org/array-unique/-/array-unique-0.3.2.tgz. Extracting by manifest.
607 silly tarball no local data for arr-flatten@https://registry.npmjs.org/arr-flatten/-/arr-flatten-1.1.0.tgz. Extracting by manifest.
608 silly tarball no local data for fill-range@https://registry.npmjs.org/fill-range/-/fill-range-4.0.0.tgz. Extracting by manifest.
609 silly tarball no local data for snapdragon-node@https://registry.npmjs.org/snapdragon-node/-/snapdragon-node-2.1.1.tgz. Extracting by manifest.
610 silly tarball no local data for readdirp@https://registry.npmjs.org/readdirp/-/readdirp-2.2.1.tgz. Extracting by manifest.
611 silly tarball no local data for upath@https://registry.npmjs.org/upath/-/upath-1.2.0.tgz. Extracting by manifest.
612 silly tarball no local data for micromatch@https://registry.npmjs.org/micromatch/-/micromatch-3.1.10.tgz. Extracting by manifest.
613 silly tarball no local data for braces@https://registry.npmjs.org/braces/-/braces-2.3.2.tgz. Extracting by manifest.
614 silly tarball no local data for async-each@https://registry.npmjs.org/async-each/-/async-each-1.0.6.tgz. Extracting by manifest.
615 silly tarball no local data for anymatch@https://registry.npmjs.org/anymatch/-/anymatch-2.0.0.tgz. Extracting by manifest.
616 silly tarball no local data for fs-extra@https://registry.npmjs.org/fs-extra/-/fs-extra-7.0.1.tgz. Extracting by manifest.
617 silly tarball no local data for chokidar@https://registry.npmjs.org/chokidar/-/chokidar-2.1.8.tgz. Extracting by manifest.
618 silly tarball no local data for extend-shallow@https://registry.npmjs.org/extend-shallow/-/extend-shallow-2.0.1.tgz. Extracting by manifest.
619 silly tarball no local data for normalize-path@https://registry.npmjs.org/normalize-path/-/normalize-path-3.0.0.tgz. Extracting by manifest.
620 silly tarball no local data for node-red-contrib-tail-file@https://registry.npmjs.org/node-red-contrib-tail-file/-/node-red-contrib-tail-file-1.2.6.tgz. Extracting by manifest.
621 silly tarball no local data for is-binary-path@https://registry.npmjs.org/is-binary-path/-/is-binary-path-1.0.1.tgz. Extracting by manifest.
622 silly tarball no local data for is-descriptor@https://registry.npmjs.org/is-descriptor/-/is-descriptor-0.1.7.tgz. Extracting by manifest.
623 silly tarball no local data for kind-of@https://registry.npmjs.org/kind-of/-/kind-of-4.0.0.tgz. Extracting by manifest.
624 silly tarball no local data for is-descriptor@https://registry.npmjs.org/is-descriptor/-/is-descriptor-0.1.7.tgz. Extracting by manifest.
625 silly tarball no local data for has-values@https://registry.npmjs.org/has-values/-/has-values-0.1.4.tgz. Extracting by manifest.
626 silly tarball no local data for has-value@https://registry.npmjs.org/has-value/-/has-value-0.3.1.tgz. Extracting by manifest.
627 silly tarball no local data for isobject@https://registry.npmjs.org/isobject/-/isobject-2.1.0.tgz. Extracting by manifest.
628 silly tarball no local data for is-extendable@https://registry.npmjs.org/is-extendable/-/is-extendable-1.0.1.tgz. Extracting by manifest.
629 silly tarball no local data for is-descriptor@https://registry.npmjs.org/is-descriptor/-/is-descriptor-0.1.7.tgz. Extracting by manifest.
630 silly tarball no local data for define-property@https://registry.npmjs.org/define-property/-/define-property-0.2.5.tgz. Extracting by manifest.
631 silly tarball no local data for define-property@https://registry.npmjs.org/define-property/-/define-property-1.0.0.tgz. Extracting by manifest.
632 silly tarball no local data for is-descriptor@https://registry.npmjs.org/is-descriptor/-/is-descriptor-0.1.7.tgz. Extracting by manifest.
633 silly tarball no local data for define-property@https://registry.npmjs.org/define-property/-/define-property-0.2.5.tgz. Extracting by manifest.
634 silly tarball no local data for is-extendable@https://registry.npmjs.org/is-extendable/-/is-extendable-1.0.1.tgz. Extracting by manifest.
635 silly tarball no local data for extend-shallow@https://registry.npmjs.org/extend-shallow/-/extend-shallow-3.0.2.tgz. Extracting by manifest.
636 silly tarball no local data for is-extendable@https://registry.npmjs.org/is-extendable/-/is-extendable-1.0.1.tgz. Extracting by manifest.
637 silly tarball no local data for kind-of@https://registry.npmjs.org/kind-of/-/kind-of-6.0.3.tgz. Extracting by manifest.
638 silly tarball no local data for extend-shallow@https://registry.npmjs.org/extend-shallow/-/extend-shallow-3.0.2.tgz. Extracting by manifest.
639 silly tarball no local data for define-property@https://registry.npmjs.org/define-property/-/define-property-1.0.0.tgz. Extracting by manifest.
640 silly tarball no local data for is-extendable@https://registry.npmjs.org/is-extendable/-/is-extendable-1.0.1.tgz. Extracting by manifest.
641 silly tarball no local data for extend-shallow@https://registry.npmjs.org/extend-shallow/-/extend-shallow-3.0.2.tgz. Extracting by manifest.
642 silly tarball no local data for is-extendable@https://registry.npmjs.org/is-extendable/-/is-extendable-1.0.1.tgz. Extracting by manifest.
643 silly tarball no local data for extend-shallow@https://registry.npmjs.org/extend-shallow/-/extend-shallow-3.0.2.tgz. Extracting by manifest.
644 silly tarball no local data for define-property@https://registry.npmjs.org/define-property/-/define-property-1.0.0.tgz. Extracting by manifest.
645 silly tarball no local data for is-descriptor@https://registry.npmjs.org/is-descriptor/-/is-descriptor-0.1.7.tgz. Extracting by manifest.
646 silly tarball no local data for define-property@https://registry.npmjs.org/define-property/-/define-property-0.2.5.tgz. Extracting by manifest.
647 silly tarball no local data for define-property@https://registry.npmjs.org/define-property/-/define-property-0.2.5.tgz. Extracting by manifest.
648 silly tarball no local data for kind-of@https://registry.npmjs.org/kind-of/-/kind-of-6.0.3.tgz. Extracting by manifest.
649 silly tarball no local data for extend-shallow@https://registry.npmjs.org/extend-shallow/-/extend-shallow-3.0.2.tgz. Extracting by manifest.
650 silly tarball no local data for is-extendable@https://registry.npmjs.org/is-extendable/-/is-extendable-1.0.1.tgz. Extracting by manifest.
651 silly tarball no local data for define-property@https://registry.npmjs.org/define-property/-/define-property-0.2.5.tgz. Extracting by manifest.
652 silly tarball no local data for nan@https://registry.npmjs.org/nan/-/nan-2.23.1.tgz. Extracting by manifest.
653 silly tarball no local data for bindings@https://registry.npmjs.org/bindings/-/bindings-1.5.0.tgz. Extracting by manifest.
654 silly tarball no local data for normalize-path@https://registry.npmjs.org/normalize-path/-/normalize-path-2.1.1.tgz. Extracting by manifest.
655 silly tarball no local data for is-glob@https://registry.npmjs.org/is-glob/-/is-glob-4.0.3.tgz. Extracting by manifest.
656 http fetch GET 200 https://registry.npmjs.org/assign-symbols/-/assign-symbols-1.0.0.tgz 3789ms (cache miss)
657 http fetch GET 200 https://registry.npmjs.org/static-extend/-/static-extend-0.1.2.tgz 3764ms (cache miss)
658 http fetch GET 200 https://registry.npmjs.org/set-value/-/set-value-2.0.1.tgz 3966ms (cache miss)
659 http fetch GET 200 https://registry.npmjs.org/has-values/-/has-values-1.0.0.tgz 4525ms (cache miss)
660 http fetch GET 200 https://registry.npmjs.org/to-object-path/-/to-object-path-0.3.0.tgz 4524ms (cache miss)
661 http fetch GET 200 https://registry.npmjs.org/source-map-url/-/source-map-url-0.4.1.tgz 4721ms (cache miss)
662 warn deprecated source-map-url@0.4.1: See https://github.com/lydell/source-map-url#deprecated
663 http fetch GET 200 https://registry.npmjs.org/object-copy/-/object-copy-0.1.0.tgz 4719ms (cache miss)
664 http fetch GET 200 https://registry.npmjs.org/copy-descriptor/-/copy-descriptor-0.1.1.tgz 5013ms (cache miss)
665 http fetch GET 200 https://registry.npmjs.org/map-visit/-/map-visit-1.0.0.tgz 4992ms (cache miss)
666 http fetch GET 200 https://registry.npmjs.org/object-visit/-/object-visit-1.0.1.tgz 4984ms (cache miss)
667 http fetch GET 200 https://registry.npmjs.org/for-in/-/for-in-1.0.2.tgz 5000ms (cache miss)
668 http fetch GET 200 https://registry.npmjs.org/resolve-url/-/resolve-url-0.2.1.tgz 5200ms (cache miss)
669 warn deprecated resolve-url@0.2.1: https://github.com/lydell/resolve-url#deprecated
670 http fetch GET 200 https://registry.npmjs.org/file-uri-to-path/-/file-uri-to-path-1.0.0.tgz 5211ms (cache miss)
671 http fetch GET 200 https://registry.npmjs.org/urix/-/urix-0.1.0.tgz 5219ms (cache miss)
672 warn deprecated urix@0.1.0: Please see https://github.com/lydell/urix#deprecated
673 http fetch GET 200 https://registry.npmjs.org/unset-value/-/unset-value-1.0.0.tgz 5164ms (cache miss)
674 http fetch GET 200 https://registry.npmjs.org/arr-union/-/arr-union-3.1.0.tgz 5177ms (cache miss)
675 http fetch GET 200 https://registry.npmjs.org/has-value/-/has-value-1.0.0.tgz 5166ms (cache miss)
676 http fetch GET 200 https://registry.npmjs.org/collection-visit/-/collection-visit-1.0.0.tgz 5411ms (cache miss)
677 http fetch GET 200 https://registry.npmjs.org/decode-uri-component/-/decode-uri-component-0.2.2.tgz 5443ms (cache miss)
678 http fetch GET 200 https://registry.npmjs.org/is-plain-object/-/is-plain-object-2.0.4.tgz 5458ms (cache miss)
679 http fetch GET 200 https://registry.npmjs.org/mixin-deep/-/mixin-deep-1.3.2.tgz 5423ms (cache miss)
680 http fetch GET 200 https://registry.npmjs.org/union-value/-/union-value-1.0.1.tgz 5435ms (cache miss)
681 http fetch GET 200 https://registry.npmjs.org/get-value/-/get-value-2.0.6.tgz 5434ms (cache miss)
682 http fetch GET 200 https://registry.npmjs.org/component-emitter/-/component-emitter-1.3.1.tgz 5735ms (cache miss)
683 http fetch GET 200 https://registry.npmjs.org/pascalcase/-/pascalcase-0.1.1.tgz 5751ms (cache miss)
684 http fetch GET 200 https://registry.npmjs.org/fragment-cache/-/fragment-cache-0.2.1.tgz 5801ms (cache miss)
685 http fetch GET 200 https://registry.npmjs.org/snapdragon-util/-/snapdragon-util-3.0.1.tgz 6059ms (cache miss)
686 http fetch GET 200 https://registry.npmjs.org/safe-regex/-/safe-regex-1.1.0.tgz 5974ms (cache miss)
687 http fetch GET 200 https://registry.npmjs.org/posix-character-classes/-/posix-character-classes-0.1.1.tgz 5972ms (cache miss)
688 http fetch GET 200 https://registry.npmjs.org/object.pick/-/object.pick-1.3.0.tgz 5915ms (cache miss)
689 http fetch GET 200 https://registry.npmjs.org/regex-not/-/regex-not-1.0.2.tgz 5973ms (cache miss)
690 http fetch GET 200 https://registry.npmjs.org/cache-base/-/cache-base-1.0.1.tgz 6081ms (cache miss)
691 http fetch GET 200 https://registry.npmjs.org/class-utils/-/class-utils-0.3.6.tgz 6098ms (cache miss)
692 http fetch GET 200 https://registry.npmjs.org/ret/-/ret-0.1.15.tgz 6140ms (cache miss)
693 http fetch GET 200 https://registry.npmjs.org/arr-diff/-/arr-diff-4.0.0.tgz 6061ms (cache miss)
694 http fetch GET 200 https://registry.npmjs.org/map-cache/-/map-cache-0.2.2.tgz 6057ms (cache miss)
695 http fetch GET 200 https://registry.npmjs.org/binary-extensions/-/binary-extensions-1.13.1.tgz 6055ms (cache miss)
696 http fetch GET 200 https://registry.npmjs.org/universalify/-/universalify-0.1.2.tgz 6027ms (cache miss)
697 http fetch GET 200 https://registry.npmjs.org/isobject/-/isobject-3.0.1.tgz 5981ms (cache miss)
698 http fetch GET 200 https://registry.npmjs.org/base/-/base-0.11.2.tgz 6229ms (cache miss)
699 http fetch GET 200 https://registry.npmjs.org/use/-/use-3.1.1.tgz 6152ms (cache miss)
700 http fetch GET 200 https://registry.npmjs.org/is-buffer/-/is-buffer-1.1.6.tgz 6138ms (cache miss)
701 http fetch GET 200 https://registry.npmjs.org/is-extendable/-/is-extendable-0.1.1.tgz 6076ms (cache miss)
702 http fetch GET 200 https://registry.npmjs.org/atob/-/atob-2.1.2.tgz 6343ms (cache miss)
703 http fetch GET 200 https://registry.npmjs.org/expand-brackets/-/expand-brackets-2.1.4.tgz 6192ms (cache miss)
704 http fetch GET 200 https://registry.npmjs.org/define-property/-/define-property-2.0.2.tgz 6189ms (cache miss)
705 http fetch GET 200 https://registry.npmjs.org/kind-of/-/kind-of-3.2.2.tgz 6152ms (cache miss)
706 http fetch GET 200 https://registry.npmjs.org/is-number/-/is-number-3.0.0.tgz 6135ms (cache miss)
707 http fetch GET 200 https://registry.npmjs.org/repeat-element/-/repeat-element-1.1.4.tgz 6082ms (cache miss)
708 http fetch GET 200 https://registry.npmjs.org/to-regex-range/-/to-regex-range-2.1.1.tgz 6208ms (cache miss)
709 http fetch GET 200 https://registry.npmjs.org/extend-shallow/-/extend-shallow-2.0.1.tgz 5924ms (cache miss)
710 http fetch GET 200 https://registry.npmjs.org/is-data-descriptor/-/is-data-descriptor-1.0.1.tgz 6356ms (cache miss)
711 http fetch GET 200 https://registry.npmjs.org/split-string/-/split-string-3.1.0.tgz 6171ms (cache miss)
712 http fetch GET 200 https://registry.npmjs.org/to-regex/-/to-regex-3.0.2.tgz 6212ms (cache miss)
713 http fetch GET 200 https://registry.npmjs.org/async-each/-/async-each-1.0.6.tgz 5977ms (cache miss)
714 http fetch GET 200 https://registry.npmjs.org/has-value/-/has-value-0.3.1.tgz 5831ms (cache miss)
715 http fetch GET 200 https://registry.npmjs.org/repeat-string/-/repeat-string-1.6.1.tgz 6286ms (cache miss)
716 http fetch GET 200 https://registry.npmjs.org/array-unique/-/array-unique-0.3.2.tgz 6143ms (cache miss)
717 http fetch GET 200 https://registry.npmjs.org/fill-range/-/fill-range-4.0.0.tgz 6088ms (cache miss)
718 http fetch GET 200 https://registry.npmjs.org/is-descriptor/-/is-descriptor-0.1.7.tgz 5859ms (cache miss)
719 http fetch GET 200 https://registry.npmjs.org/jsonfile/-/jsonfile-4.0.0.tgz 6342ms (cache miss)
720 http fetch GET 200 https://registry.npmjs.org/snapdragon-node/-/snapdragon-node-2.1.1.tgz 6084ms (cache miss)
721 http fetch GET 200 https://registry.npmjs.org/is-binary-path/-/is-binary-path-1.0.1.tgz 6050ms (cache miss)
722 http fetch GET 200 https://registry.npmjs.org/is-accessor-descriptor/-/is-accessor-descriptor-1.0.1.tgz 6495ms (cache miss)
723 http fetch GET 200 https://registry.npmjs.org/readdirp/-/readdirp-2.2.1.tgz 6134ms (cache miss)
724 http fetch GET 200 https://registry.npmjs.org/normalize-path/-/normalize-path-3.0.0.tgz 6116ms (cache miss)
725 http fetch GET 200 https://registry.npmjs.org/is-extendable/-/is-extendable-1.0.1.tgz 5973ms (cache miss)
726 http fetch GET 200 https://registry.npmjs.org/define-property/-/define-property-0.2.5.tgz 5966ms (cache miss)
727 http fetch GET 200 https://registry.npmjs.org/anymatch/-/anymatch-2.0.0.tgz 6132ms (cache miss)
728 http fetch GET 200 https://registry.npmjs.org/is-descriptor/-/is-descriptor-1.0.3.tgz 6525ms (cache miss)
729 http fetch GET 200 https://registry.npmjs.org/kind-of/-/kind-of-4.0.0.tgz 6017ms (cache miss)
730 http fetch GET 200 https://registry.npmjs.org/has-values/-/has-values-0.1.4.tgz 6017ms (cache miss)
731 http fetch GET 200 https://registry.npmjs.org/arr-flatten/-/arr-flatten-1.1.0.tgz 6317ms (cache miss)
732 http fetch GET 200 https://registry.npmjs.org/extend-shallow/-/extend-shallow-3.0.2.tgz 6046ms (cache miss)
733 http fetch GET 200 https://registry.npmjs.org/source-map-resolve/-/source-map-resolve-0.5.3.tgz 6652ms (cache miss)
734 warn deprecated source-map-resolve@0.5.3: See https://github.com/lydell/source-map-resolve#deprecated
735 http fetch GET 200 https://registry.npmjs.org/snapdragon/-/snapdragon-0.8.2.tgz 6488ms (cache miss)
736 http fetch GET 200 https://registry.npmjs.org/upath/-/upath-1.2.0.tgz 6283ms (cache miss)
737 http fetch GET 200 https://registry.npmjs.org/isobject/-/isobject-2.1.0.tgz 6157ms (cache miss)
738 http fetch GET 200 https://registry.npmjs.org/is-glob/-/is-glob-4.0.3.tgz 6089ms (cache miss)
739 http fetch GET 200 https://registry.npmjs.org/is-extendable/-/is-extendable-1.0.1.tgz 6187ms (cache miss)
740 http fetch GET 200 https://registry.npmjs.org/is-extendable/-/is-extendable-1.0.1.tgz 6205ms (cache miss)
741 http fetch GET 200 https://registry.npmjs.org/is-extendable/-/is-extendable-1.0.1.tgz 6202ms (cache miss)
742 http fetch GET 200 https://registry.npmjs.org/is-extendable/-/is-extendable-1.0.1.tgz 6195ms (cache miss)
743 http fetch GET 200 https://registry.npmjs.org/is-extendable/-/is-extendable-1.0.1.tgz 6226ms (cache miss)
744 http fetch GET 200 https://registry.npmjs.org/define-property/-/define-property-0.2.5.tgz 6251ms (cache miss)
745 http fetch GET 200 https://registry.npmjs.org/define-property/-/define-property-0.2.5.tgz 6221ms (cache miss)
746 http fetch GET 200 https://registry.npmjs.org/define-property/-/define-property-0.2.5.tgz 6219ms (cache miss)
747 http fetch GET 200 https://registry.npmjs.org/define-property/-/define-property-0.2.5.tgz 6213ms (cache miss)
748 http fetch GET 200 https://registry.npmjs.org/extglob/-/extglob-2.0.4.tgz 6746ms (cache miss)
749 http fetch GET 200 https://registry.npmjs.org/bindings/-/bindings-1.5.0.tgz 6238ms (cache miss)
750 http fetch GET 200 https://registry.npmjs.org/normalize-path/-/normalize-path-2.1.1.tgz 6237ms (cache miss)
751 http fetch GET 200 https://registry.npmjs.org/define-property/-/define-property-1.0.0.tgz 6279ms (cache miss)
752 http fetch GET 200 https://registry.npmjs.org/extend-shallow/-/extend-shallow-3.0.2.tgz 6288ms (cache miss)
753 http fetch GET 200 https://registry.npmjs.org/extend-shallow/-/extend-shallow-3.0.2.tgz 6294ms (cache miss)
754 http fetch GET 200 https://registry.npmjs.org/extend-shallow/-/extend-shallow-3.0.2.tgz 6303ms (cache miss)
755 http fetch GET 200 https://registry.npmjs.org/extend-shallow/-/extend-shallow-3.0.2.tgz 6275ms (cache miss)
756 http fetch GET 200 https://registry.npmjs.org/is-descriptor/-/is-descriptor-0.1.7.tgz 6393ms (cache miss)
757 http fetch GET 200 https://registry.npmjs.org/is-descriptor/-/is-descriptor-0.1.7.tgz 6457ms (cache miss)
758 http fetch GET 200 https://registry.npmjs.org/is-descriptor/-/is-descriptor-0.1.7.tgz 6378ms (cache miss)
759 http fetch GET 200 https://registry.npmjs.org/kind-of/-/kind-of-6.0.3.tgz 6358ms (cache miss)
760 http fetch GET 200 https://registry.npmjs.org/define-property/-/define-property-1.0.0.tgz 6343ms (cache miss)
761 http fetch GET 200 https://registry.npmjs.org/define-property/-/define-property-1.0.0.tgz 6378ms (cache miss)
762 http fetch GET 200 https://registry.npmjs.org/kind-of/-/kind-of-6.0.3.tgz 6377ms (cache miss)
763 http fetch GET 200 https://registry.npmjs.org/is-descriptor/-/is-descriptor-0.1.7.tgz 6411ms (cache miss)
764 http fetch GET 200 https://registry.npmjs.org/nanomatch/-/nanomatch-1.2.13.tgz 6871ms (cache miss)
765 http fetch GET 200 https://registry.npmjs.org/micromatch/-/micromatch-3.1.10.tgz 6685ms (cache miss)
766 http fetch GET 200 https://registry.npmjs.org/braces/-/braces-2.3.2.tgz 6689ms (cache miss)
767 http fetch GET 200 https://registry.npmjs.org/chokidar/-/chokidar-2.1.8.tgz 6745ms (cache miss)
768 http fetch GET 200 https://registry.npmjs.org/node-red-contrib-tail-file/-/node-red-contrib-tail-file-1.2.6.tgz 6973ms (cache miss)
769 http fetch GET 200 https://registry.npmjs.org/fs-extra/-/fs-extra-7.0.1.tgz 7089ms (cache miss)
770 http fetch GET 200 https://registry.npmjs.org/nan/-/nan-2.23.1.tgz 6995ms (cache miss)
771 warn deprecated leveldown@1.4.6: Superseded by classic-level (https://github.com/Level/community#faq)
772 info run fs-ext@0.5.0 install node_modules/fs-ext node-gyp configure build
773 info run fs-ext@0.5.0 install { code: 1, signal: null }
774 verbose reify failed optional dependency /data/node_modules/fs-ext
775 silly reify mark deleted [ '/data/node_modules/fs-ext' ]
776 info run leveldown@1.4.6 install node_modules/leveldown prebuild --install
777 info run leveldown@1.4.6 install { code: 2, signal: null }
778 verbose reify failed optional dependency /data/node_modules/leveldown
779 silly reify mark deleted [ '/data/node_modules/leveldown' ]
780 verbose reify failed optional dependency /data/node_modules/fast-future
781 silly reify mark deleted [ '/data/node_modules/fast-future' ]
782 verbose reify failed optional dependency /data/node_modules/leveldown/node_modules/nan
783 silly reify mark deleted [ '/data/node_modules/leveldown/node_modules/nan' ]
784 verbose reify failed optional dependency /data/node_modules/prebuild
785 silly reify mark deleted [ '/data/node_modules/prebuild', '/data/node_modules/.bin/prebuild' ]
786 verbose reify failed optional dependency /data/node_modules/execspawn
787 silly reify mark deleted [ '/data/node_modules/execspawn' ]
788 verbose reify failed optional dependency /data/node_modules/expand-template
789 silly reify mark deleted [ '/data/node_modules/expand-template' ]
790 verbose reify failed optional dependency /data/node_modules/ghreleases
791 silly reify mark deleted [ '/data/node_modules/ghreleases' ]
792 verbose reify failed optional dependency /data/node_modules/github-from-package
793 silly reify mark deleted [ '/data/node_modules/github-from-package' ]
794 verbose reify failed optional dependency /data/node_modules/node-gyp
795 silly reify mark deleted [ '/data/node_modules/node-gyp', '/data/node_modules/.bin/node-gyp' ]
796 verbose reify failed optional dependency /data/node_modules/node-ninja
797 silly reify mark deleted [
797 silly reify   '/data/node_modules/node-ninja',
797 silly reify   '/data/node_modules/.bin/node-ninja'
797 silly reify ]
798 verbose reify failed optional dependency /data/node_modules/noop-logger
799 silly reify mark deleted [ '/data/node_modules/noop-logger' ]
800 verbose reify failed optional dependency /data/node_modules/rc
801 silly reify mark deleted [ '/data/node_modules/rc', '/data/node_modules/.bin/rc' ]
802 verbose reify failed optional dependency /data/node_modules/simple-get
803 silly reify mark deleted [ '/data/node_modules/simple-get' ]
804 verbose reify failed optional dependency /data/node_modules/tar-fs
805 silly reify mark deleted [ '/data/node_modules/tar-fs' ]
806 verbose reify failed optional dependency /data/node_modules/tar-stream
807 silly reify mark deleted [ '/data/node_modules/tar-stream' ]
808 verbose reify failed optional dependency /data/node_modules/util-extend
809 silly reify mark deleted [ '/data/node_modules/util-extend' ]
810 verbose reify failed optional dependency /data/node_modules/after
811 silly reify mark deleted [ '/data/node_modules/after' ]
812 verbose reify failed optional dependency /data/node_modules/ghrepos
813 silly reify mark deleted [ '/data/node_modules/ghrepos' ]
814 verbose reify failed optional dependency /data/node_modules/ghutils
815 silly reify mark deleted [ '/data/node_modules/ghutils' ]
816 verbose reify failed optional dependency /data/node_modules/simple-mime
817 silly reify mark deleted [ '/data/node_modules/simple-mime' ]
818 verbose reify failed optional dependency /data/node_modules/url-template
819 silly reify mark deleted [ '/data/node_modules/url-template' ]
820 verbose reify failed optional dependency /data/node_modules/node-gyp/node_modules/semver
821 silly reify mark deleted [
821 silly reify   '/data/node_modules/node-gyp/node_modules/semver',
821 silly reify   '/data/node_modules/node-gyp/node_modules/.bin/semver'
821 silly reify ]
822 verbose reify failed optional dependency /data/node_modules/deep-extend
823 silly reify mark deleted [ '/data/node_modules/deep-extend' ]
824 verbose reify failed optional dependency /data/node_modules/ini
825 silly reify mark deleted [ '/data/node_modules/ini' ]
826 verbose reify failed optional dependency /data/node_modules/strip-json-comments
827 silly reify mark deleted [ '/data/node_modules/strip-json-comments' ]
828 verbose reify failed optional dependency /data/node_modules/unzip-response
829 silly reify mark deleted [ '/data/node_modules/unzip-response' ]
830 verbose reify failed optional dependency /data/node_modules/chownr
831 silly reify mark deleted [ '/data/node_modules/chownr' ]
832 verbose reify failed optional dependency /data/node_modules/buffer-alloc
833 silly reify mark deleted [ '/data/node_modules/buffer-alloc' ]
834 verbose reify failed optional dependency /data/node_modules/fs-constants
835 silly reify mark deleted [ '/data/node_modules/fs-constants' ]
836 verbose reify failed optional dependency /data/node_modules/tar-stream/node_modules/readable-stream
837 silly reify mark deleted [ '/data/node_modules/tar-stream/node_modules/readable-stream' ]
838 verbose reify failed optional dependency /data/node_modules/to-buffer
839 silly reify mark deleted [ '/data/node_modules/to-buffer' ]
840 verbose reify failed optional dependency /data/node_modules/jsonist
841 silly reify mark deleted [ '/data/node_modules/jsonist' ]
842 verbose reify failed optional dependency /data/node_modules/buffer-alloc-unsafe
843 silly reify mark deleted [ '/data/node_modules/buffer-alloc-unsafe' ]
844 verbose reify failed optional dependency /data/node_modules/buffer-fill
845 silly reify mark deleted [ '/data/node_modules/buffer-fill' ]
846 verbose reify failed optional dependency /data/node_modules/tar-stream/node_modules/safe-buffer
847 silly reify mark deleted [ '/data/node_modules/tar-stream/node_modules/safe-buffer' ]
848 verbose reify failed optional dependency /data/node_modules/tar-stream/node_modules/string_decoder
849 silly reify mark deleted [ '/data/node_modules/tar-stream/node_modules/string_decoder' ]
850 verbose reify failed optional dependency /data/node_modules/to-buffer/node_modules/isarray
851 silly reify mark deleted [ '/data/node_modules/to-buffer/node_modules/isarray' ]
852 verbose reify failed optional dependency /data/node_modules/typed-array-buffer
853 silly reify mark deleted [ '/data/node_modules/typed-array-buffer' ]
854 verbose reify failed optional dependency /data/node_modules/jsonist/node_modules/bl
855 silly reify mark deleted [ '/data/node_modules/jsonist/node_modules/bl' ]
856 verbose reify failed optional dependency /data/node_modules/hyperquest
857 silly reify mark deleted [ '/data/node_modules/hyperquest' ]
858 verbose reify failed optional dependency /data/node_modules/is-typed-array
859 silly reify mark deleted [ '/data/node_modules/is-typed-array' ]
860 verbose reify failed optional dependency /data/node_modules/jsonist/node_modules/readable-stream
861 silly reify mark deleted [ '/data/node_modules/jsonist/node_modules/readable-stream' ]
862 verbose reify failed optional dependency /data/node_modules/hyperquest/node_modules/buffer-from
863 silly reify mark deleted [ '/data/node_modules/hyperquest/node_modules/buffer-from' ]
864 verbose reify failed optional dependency /data/node_modules/duplexer2
865 silly reify mark deleted [ '/data/node_modules/duplexer2' ]
866 verbose reify failed optional dependency /data/node_modules/hyperquest/node_modules/through2
867 silly reify mark deleted [ '/data/node_modules/hyperquest/node_modules/through2' ]
868 verbose reify failed optional dependency /data/node_modules/which-typed-array
869 silly reify mark deleted [ '/data/node_modules/which-typed-array' ]
870 verbose reify failed optional dependency /data/node_modules/jsonist/node_modules/string_decoder
871 silly reify mark deleted [ '/data/node_modules/jsonist/node_modules/string_decoder' ]
872 verbose reify failed optional dependency /data/node_modules/hyperquest/node_modules/readable-stream
873 silly reify mark deleted [ '/data/node_modules/hyperquest/node_modules/readable-stream' ]
874 verbose reify failed optional dependency /data/node_modules/available-typed-arrays
875 silly reify mark deleted [ '/data/node_modules/available-typed-arrays' ]
876 verbose reify failed optional dependency /data/node_modules/for-each
877 silly reify mark deleted [ '/data/node_modules/for-each' ]
878 verbose reify failed optional dependency /data/node_modules/has-tostringtag
879 silly reify mark deleted [ '/data/node_modules/has-tostringtag' ]
880 verbose reify failed optional dependency /data/node_modules/hyperquest/node_modules/isarray
881 silly reify mark deleted [ '/data/node_modules/hyperquest/node_modules/isarray' ]
882 verbose reify failed optional dependency /data/node_modules/possible-typed-array-names
883 silly reify mark deleted [ '/data/node_modules/possible-typed-array-names' ]
884 verbose reify failed optional dependency /data/node_modules/is-callable
885 silly reify mark deleted [ '/data/node_modules/is-callable' ]
886 info run snappy@5.0.5 install node_modules/snappy ./node_modules/.bin/node-gyp rebuild
887 info run snappy@5.0.5 install { code: 1, signal: null }
888 verbose reify failed optional dependency /data/node_modules/snappy
889 silly reify mark deleted [ '/data/node_modules/snappy' ]
890 verbose reify failed optional dependency /data/node_modules/snappy/node_modules/nan
891 silly reify mark deleted [ '/data/node_modules/snappy/node_modules/nan' ]
892 verbose reify failed optional dependency /data/node_modules/snappy/node_modules/node-gyp
893 silly reify mark deleted [
893 silly reify   '/data/node_modules/snappy/node_modules/node-gyp',
893 silly reify   '/data/node_modules/snappy/node_modules/.bin/node-gyp'
893 silly reify ]
894 info run zmq@2.15.3 install node_modules/zmq node-gyp rebuild
895 info run zmq@2.15.3 install { code: 1, signal: null }
896 verbose reify failed optional dependency /data/node_modules/zmq
897 silly reify mark deleted [ '/data/node_modules/zmq' ]
898 verbose reify failed optional dependency /data/node_modules/zmq/node_modules/nan
899 silly reify mark deleted [ '/data/node_modules/zmq/node_modules/nan' ]
900 silly ADD node_modules/assign-symbols
901 silly ADD
902 silly ADD node_modules/copy-descriptor
903 silly ADD node_modules/object-copy
904 silly ADD node_modules/object-copy/node_modules/is-descriptor
905 silly ADD node_modules/object-copy/node_modules/define-property
906 silly ADD node_modules/urix
907 silly ADD node_modules/source-map-url
908 silly ADD node_modules/resolve-url
909 silly ADD node_modules/decode-uri-component
910 silly ADD node_modules/atob
911 silly ADD node_modules/snapdragon-util
912 silly ADD node_modules/is-plain-object
913 silly ADD node_modules/for-in
914 silly ADD node_modules/has-values
915 silly ADD node_modules/has-values/node_modules/kind-of
916 silly ADD node_modules/object-visit
917 silly ADD node_modules/map-visit
918 silly ADD node_modules/static-extend
919 silly ADD node_modules/static-extend/node_modules/is-descriptor
920 silly ADD node_modules/static-extend/node_modules/define-property
921 silly ADD node_modules/arr-union
922 silly ADD node_modules/unset-value
923 silly ADD node_modules/unset-value/node_modules/has-values
924 silly ADD node_modules/unset-value/node_modules/has-value
925 silly ADD node_modules/unset-value/node_modules/has-value/node_modules/isobject
926 silly ADD node_modules/union-value
927 silly ADD node_modules/to-object-path
928 silly ADD node_modules/set-value
929 silly ADD node_modules/has-value
930 silly ADD node_modules/get-value
931 silly ADD node_modules/collection-visit
932 silly ADD node_modules/pascalcase
933 silly ADD node_modules/mixin-deep
934 silly ADD node_modules/mixin-deep/node_modules/is-extendable
935 silly ADD node_modules/component-emitter
936 silly ADD node_modules/class-utils
937 silly ADD node_modules/class-utils/node_modules/is-descriptor
938 silly ADD node_modules/class-utils/node_modules/define-property
939 silly ADD node_modules/cache-base
940 silly ADD node_modules/use
941 silly ADD node_modules/source-map-resolve
942 silly ADD node_modules/base
943 silly ADD node_modules/base/node_modules/define-property
944 silly ADD node_modules/ret
945 silly ADD node_modules/safe-regex
946 silly ADD node_modules/is-data-descriptor
947 silly ADD node_modules/is-accessor-descriptor
948 silly ADD node_modules/map-cache
949 silly ADD node_modules/posix-character-classes
950 silly ADD node_modules/expand-brackets
951 silly ADD node_modules/expand-brackets/node_modules/is-descriptor
952 silly ADD node_modules/expand-brackets/node_modules/define-property
953 silly ADD node_modules/is-descriptor
954 silly ADD node_modules/regex-not
955 silly ADD node_modules/regex-not/node_modules/is-extendable
956 silly ADD node_modules/regex-not/node_modules/extend-shallow
957 silly ADD node_modules/object.pick
958 silly ADD node_modules/nanomatch
959 silly ADD node_modules/nanomatch/node_modules/is-extendable
960 silly ADD node_modules/nanomatch/node_modules/kind-of
961 silly ADD node_modules/nanomatch/node_modules/extend-shallow
962 silly ADD node_modules/fragment-cache
963 silly ADD node_modules/extglob
964 silly ADD node_modules/extglob/node_modules/define-property
965 silly ADD node_modules/define-property
966 silly ADD node_modules/arr-diff
967 silly ADD node_modules/is-buffer
968 silly ADD node_modules/kind-of
969 silly ADD node_modules/binary-extensions
970 silly ADD node_modules/universalify
971 silly ADD node_modules/jsonfile
972 silly ADD node_modules/to-regex-range
973 silly ADD node_modules/repeat-string
974 silly ADD node_modules/is-number
975 silly ADD node_modules/is-extendable
976 silly ADD node_modules/to-regex
977 silly ADD node_modules/to-regex/node_modules/is-extendable
978 silly ADD node_modules/to-regex/node_modules/extend-shallow
979 silly ADD node_modules/split-string
980 silly ADD node_modules/split-string/node_modules/is-extendable
981 silly ADD node_modules/split-string/node_modules/extend-shallow
982 silly ADD node_modules/snapdragon-node
983 silly ADD node_modules/snapdragon-node/node_modules/define-property
984 silly ADD node_modules/snapdragon
985 silly ADD node_modules/snapdragon/node_modules/is-descriptor
986 silly ADD node_modules/snapdragon/node_modules/source-map
987 silly ADD node_modules/snapdragon/node_modules/define-property
988 silly ADD node_modules/repeat-element
989 silly ADD node_modules/isobject
990 silly ADD node_modules/fill-range
991 silly ADD node_modules/extend-shallow
992 silly ADD node_modules/array-unique
993 silly ADD node_modules/arr-flatten
994 silly ADD node_modules/micromatch
995 silly ADD node_modules/micromatch/node_modules/is-extendable
996 silly ADD node_modules/micromatch/node_modules/kind-of
997 silly ADD node_modules/micromatch/node_modules/extend-shallow
998 silly ADD node_modules/upath
999 silly ADD node_modules/readdirp
1000 silly ADD node_modules/readdirp/node_modules/string_decoder
1001 silly ADD node_modules/readdirp/node_modules/safe-buffer
1002 silly ADD node_modules/readdirp/node_modules/readable-stream
1003 silly ADD node_modules/normalize-path
1004 silly ADD node_modules/is-binary-path
1005 silly ADD
1006 silly ADD node_modules/nan
1007 silly ADD node_modules/bindings
1008 silly ADD node_modules/braces
1009 silly ADD node_modules/async-each
1010 silly ADD node_modules/anymatch
1011 silly ADD node_modules/anymatch/node_modules/normalize-path
1012 silly ADD node_modules/fs-extra
1013 silly ADD node_modules/chokidar
1014 silly ADD node_modules/chokidar/node_modules/is-glob
1015 silly ADD node_modules/node-red-contrib-tail-file
1016 silly ADD
1017 silly ADD node_modules/nan
1018 silly ADD
1019 silly ADD
1020 silly ADD
1021 silly ADD
1022 silly ADD
1023 silly ADD
1024 silly ADD
1025 silly ADD node_modules/isarray
1026 silly ADD
1027 silly ADD node_modules/string_decoder
1028 silly ADD node_modules/safe-buffer
1029 silly ADD node_modules/readable-stream
1030 silly ADD
1031 silly ADD
1032 silly ADD
1033 silly ADD node_modules/node-gyp
1034 silly ADD node_modules/nan
1035 silly ADD
1036 silly ADD
1037 silly ADD
1038 silly ADD
1039 silly ADD
1040 silly ADD
1041 silly ADD
1042 silly ADD
1043 silly ADD node_modules/semver
1044 silly ADD
1045 silly ADD node_modules/nan
1046 silly ADD
1047 silly ADD node_modules/string_decoder
1048 silly ADD node_modules/readable-stream
1049 silly ADD node_modules/bl
1050 silly ADD
1051 silly ADD
1052 silly ADD
1053 silly ADD
1054 silly ADD node_modules/through2
1055 silly ADD node_modules/readable-stream
1056 silly ADD node_modules/isarray
1057 silly ADD node_modules/buffer-from
1058 silly ADD
1059 silly ADD
1060 silly ADD
1061 silly ADD
1062 silly ADD
1063 silly ADD
1064 silly ADD
1065 silly ADD
1066 silly ADD
1067 silly ADD
1068 silly ADD
1069 silly ADD
1070 silly ADD
1071 silly ADD
1072 silly ADD
1073 silly ADD
1074 silly ADD
1075 silly ADD
1076 silly ADD
1077 silly ADD
1078 silly ADD
1079 silly ADD
1080 verbose cwd /data
1081 verbose os Linux 6.8.0-87-generic
1082 verbose node v20.19.5
1083 verbose npm  v10.8.2
1084 verbose exit 0
1085 info ok
